[2025-06-24 09:37:34Z INFO HostContext] No proxy settings were found based on environmental variables (http_proxy/https_proxy/HTTP_PROXY/HTTPS_PROXY)
[2025-06-24 09:37:34Z INFO HostContext] Well known directory 'Bin': '/Users/admin/Desktop/fullstack-docker-app-cicd/actions-runner/bin'
[2025-06-24 09:37:34Z INFO HostContext] Well known directory 'Root': '/Users/admin/Desktop/fullstack-docker-app-cicd/actions-runner'
[2025-06-24 09:37:34Z INFO HostContext] Well known config file 'Credentials': '/Users/admin/Desktop/fullstack-docker-app-cicd/actions-runner/.credentials'
[2025-06-24 09:37:34Z INFO HostContext] Well known directory 'Bin': '/Users/admin/Desktop/fullstack-docker-app-cicd/actions-runner/bin'
[2025-06-24 09:37:34Z INFO HostContext] Well known directory 'Root': '/Users/admin/Desktop/fullstack-docker-app-cicd/actions-runner'
[2025-06-24 09:37:34Z INFO HostContext] Well known config file 'Runner': '/Users/admin/Desktop/fullstack-docker-app-cicd/actions-runner/.runner'
[2025-06-24 09:37:34Z INFO Listener] Runner is built for OSX (X64) - osx-x64.
[2025-06-24 09:37:34Z INFO Listener] RuntimeInformation: Darwin 24.5.0 Darwin Kernel Version 24.5.0: Tue Apr 22 19:54:43 PDT 2025; root:xnu-11417.121.6~2/RELEASE_ARM64_T8132.
[2025-06-24 09:37:35Z INFO Listener] Version: 2.325.0
[2025-06-24 09:37:35Z INFO Listener] Commit: 71ed7cd46223bd5d61633445946813012b502d54
[2025-06-24 09:37:35Z INFO Listener] Culture: en-US
[2025-06-24 09:37:35Z INFO Listener] UI Culture: en-US
[2025-06-24 09:37:35Z INFO HostContext] Well known directory 'Bin': '/Users/admin/Desktop/fullstack-docker-app-cicd/actions-runner/bin'
[2025-06-24 09:37:35Z INFO HostContext] Well known directory 'Root': '/Users/admin/Desktop/fullstack-docker-app-cicd/actions-runner'
[2025-06-24 09:37:35Z INFO Listener] Validating directory permissions for: '/Users/admin/Desktop/fullstack-docker-app-cicd/actions-runner'
[2025-06-24 09:37:35Z INFO CommandLineParser] Parse
[2025-06-24 09:37:35Z INFO CommandLineParser] Parsing 1 args
[2025-06-24 09:37:35Z INFO CommandLineParser] parsing argument
[2025-06-24 09:37:35Z INFO CommandLineParser] HasArgs: False
[2025-06-24 09:37:35Z INFO CommandLineParser] Adding Command: run
[2025-06-24 09:37:35Z INFO Listener] Arguments parsed
[2025-06-24 09:37:35Z INFO Runner] ExecuteCommand
[2025-06-24 09:37:35Z INFO ConfigurationStore] currentAssemblyLocation: /Users/admin/Desktop/fullstack-docker-app-cicd/actions-runner/bin/Runner.Listener.dll
[2025-06-24 09:37:35Z INFO HostContext] Well known directory 'Bin': '/Users/admin/Desktop/fullstack-docker-app-cicd/actions-runner/bin'
[2025-06-24 09:37:35Z INFO ConfigurationStore] binPath: /Users/admin/Desktop/fullstack-docker-app-cicd/actions-runner/bin
[2025-06-24 09:37:35Z INFO HostContext] Well known directory 'Bin': '/Users/admin/Desktop/fullstack-docker-app-cicd/actions-runner/bin'
[2025-06-24 09:37:35Z INFO HostContext] Well known directory 'Root': '/Users/admin/Desktop/fullstack-docker-app-cicd/actions-runner'
[2025-06-24 09:37:35Z INFO ConfigurationStore] RootFolder: /Users/admin/Desktop/fullstack-docker-app-cicd/actions-runner
[2025-06-24 09:37:35Z INFO HostContext] Well known directory 'Bin': '/Users/admin/Desktop/fullstack-docker-app-cicd/actions-runner/bin'
[2025-06-24 09:37:35Z INFO HostContext] Well known directory 'Root': '/Users/admin/Desktop/fullstack-docker-app-cicd/actions-runner'
[2025-06-24 09:37:35Z INFO HostContext] Well known config file 'Runner': '/Users/admin/Desktop/fullstack-docker-app-cicd/actions-runner/.runner'
[2025-06-24 09:37:35Z INFO ConfigurationStore] ConfigFilePath: /Users/admin/Desktop/fullstack-docker-app-cicd/actions-runner/.runner
[2025-06-24 09:37:35Z INFO HostContext] Well known directory 'Bin': '/Users/admin/Desktop/fullstack-docker-app-cicd/actions-runner/bin'
[2025-06-24 09:37:35Z INFO HostContext] Well known directory 'Root': '/Users/admin/Desktop/fullstack-docker-app-cicd/actions-runner'
[2025-06-24 09:37:35Z INFO HostContext] Well known config file 'MigratedRunner': '/Users/admin/Desktop/fullstack-docker-app-cicd/actions-runner/.runner_migrated'
[2025-06-24 09:37:35Z INFO ConfigurationStore] MigratedConfigFilePath: /Users/admin/Desktop/fullstack-docker-app-cicd/actions-runner/.runner_migrated
[2025-06-24 09:37:35Z INFO HostContext] Well known directory 'Bin': '/Users/admin/Desktop/fullstack-docker-app-cicd/actions-runner/bin'
[2025-06-24 09:37:35Z INFO HostContext] Well known directory 'Root': '/Users/admin/Desktop/fullstack-docker-app-cicd/actions-runner'
[2025-06-24 09:37:35Z INFO HostContext] Well known config file 'Credentials': '/Users/admin/Desktop/fullstack-docker-app-cicd/actions-runner/.credentials'
[2025-06-24 09:37:35Z INFO ConfigurationStore] CredFilePath: /Users/admin/Desktop/fullstack-docker-app-cicd/actions-runner/.credentials
[2025-06-24 09:37:35Z INFO HostContext] Well known directory 'Bin': '/Users/admin/Desktop/fullstack-docker-app-cicd/actions-runner/bin'
[2025-06-24 09:37:35Z INFO HostContext] Well known directory 'Root': '/Users/admin/Desktop/fullstack-docker-app-cicd/actions-runner'
[2025-06-24 09:37:35Z INFO HostContext] Well known config file 'MigratedCredentials': '/Users/admin/Desktop/fullstack-docker-app-cicd/actions-runner/.credentials_migrated'
[2025-06-24 09:37:35Z INFO ConfigurationStore] MigratedCredFilePath: /Users/admin/Desktop/fullstack-docker-app-cicd/actions-runner/.credentials_migrated
[2025-06-24 09:37:35Z INFO HostContext] Well known directory 'Bin': '/Users/admin/Desktop/fullstack-docker-app-cicd/actions-runner/bin'
[2025-06-24 09:37:35Z INFO HostContext] Well known directory 'Root': '/Users/admin/Desktop/fullstack-docker-app-cicd/actions-runner'
[2025-06-24 09:37:35Z INFO HostContext] Well known config file 'Service': '/Users/admin/Desktop/fullstack-docker-app-cicd/actions-runner/.service'
[2025-06-24 09:37:35Z INFO ConfigurationStore] ServiceConfigFilePath: /Users/admin/Desktop/fullstack-docker-app-cicd/actions-runner/.service
[2025-06-24 09:37:35Z INFO CommandSettings] Flag 'help': 'False'
[2025-06-24 09:37:35Z INFO CommandSettings] Flag 'version': 'False'
[2025-06-24 09:37:35Z INFO CommandSettings] Flag 'commit': 'False'
[2025-06-24 09:37:35Z INFO CommandSettings] Flag 'check': 'False'
[2025-06-24 09:37:35Z INFO CommandSettings] Command 'configure': 'False'
[2025-06-24 09:37:35Z INFO CommandSettings] Command 'remove': 'False'
[2025-06-24 09:37:35Z INFO CommandSettings] Command 'warmup': 'False'
[2025-06-24 09:37:35Z INFO ConfigurationManager] LoadSettings
[2025-06-24 09:37:35Z INFO ConfigurationStore] IsConfigured()
[2025-06-24 09:37:35Z INFO ConfigurationStore] IsConfigured: True
[2025-06-24 09:37:35Z INFO ConfigurationManager] Is configured: True
[2025-06-24 09:37:35Z INFO ConfigurationStore] Read setting file: 413 chars
[2025-06-24 09:37:35Z INFO ConfigurationManager] Settings Loaded
[2025-06-24 09:37:35Z INFO ConfigurationStore] IsServiceConfigured()
[2025-06-24 09:37:35Z INFO ConfigurationStore] IsServiceConfigured: False
[2025-06-24 09:37:35Z INFO CommandSettings] Command 'run': 'True'
[2025-06-24 09:37:35Z INFO ConfigurationStore] IsConfigured()
[2025-06-24 09:37:35Z INFO ConfigurationStore] IsConfigured: True
[2025-06-24 09:37:35Z INFO ConfigurationManager] Is configured: True
[2025-06-24 09:37:35Z INFO Runner] Could not parse the argument value '' for StartupType. Defaulting to Manual
[2025-06-24 09:37:35Z INFO Runner] Set runner startup type - Manual
[2025-06-24 09:37:35Z INFO CommandSettings] Flag 'once': 'False'
[2025-06-24 09:37:35Z INFO CommandSettings] Flag 'once': 'False'
[2025-06-24 09:37:35Z INFO Runner] RunAsync
[2025-06-24 09:37:35Z INFO ConfigurationManager] LoadMigratedSettings
[2025-06-24 09:37:35Z INFO ConfigurationStore] IsMigratedConfigured()
[2025-06-24 09:37:35Z INFO ConfigurationStore] IsMigratedConfigured: False
[2025-06-24 09:37:35Z INFO Runner] Failed to load migrated settings: No migrated configuration found.
[2025-06-24 09:37:35Z INFO Runner] Falling back to original .runner settings
[2025-06-24 09:37:35Z INFO Runner] Using BrokerMessageListener
[2025-06-24 09:37:35Z INFO BrokerMessageListener] Using provided settings
[2025-06-24 09:37:35Z INFO BrokerMessageListener] {
  "AgentId": 2,
  "AgentName": "fullstack-docker-app-demo",
  "PoolId": 1,
  "PoolName": "Default",
  "ServerUrl": "https://pipelinesghubeus9.actions.githubusercontent.com/WamZnOYs2nHeAEXTjsrMD5Uf4629M6CFE6SvlmGWurcNE0O6wf/",
  "GitHubUrl": "https://github.com/hieulnt-aiot/fullstack-docker-ci-cd",
  "WorkFolder": "_work",
  "UseV2Flow": true,
  "ServerUrlV2": "https://broker.actions.githubusercontent.com/"
}
[2025-06-24 09:37:35Z INFO BrokerMessageListener] Loading Credentials
[2025-06-24 09:37:35Z INFO ConfigurationStore] HasCredentials()
[2025-06-24 09:37:35Z INFO ConfigurationStore] stored True
[2025-06-24 09:37:35Z INFO CredentialManager] GetCredentialProvider
[2025-06-24 09:37:35Z INFO CredentialManager] Creating type OAuth
[2025-06-24 09:37:35Z INFO CredentialManager] Creating credential type: OAuth
[2025-06-24 09:37:35Z INFO HostContext] Well known directory 'Bin': '/Users/admin/Desktop/fullstack-docker-app-cicd/actions-runner/bin'
[2025-06-24 09:37:35Z INFO HostContext] Well known directory 'Root': '/Users/admin/Desktop/fullstack-docker-app-cicd/actions-runner'
[2025-06-24 09:37:35Z INFO HostContext] Well known config file 'RSACredentials': '/Users/admin/Desktop/fullstack-docker-app-cicd/actions-runner/.credentials_rsaparams'
[2025-06-24 09:37:35Z INFO RSAFileKeyManager] Loading RSA key parameters from file /Users/admin/Desktop/fullstack-docker-app-cicd/actions-runner/.credentials_rsaparams
[2025-06-24 09:37:35Z INFO BrokerMessageListener] Attempt to create session.
[2025-06-24 09:37:35Z INFO BrokerMessageListener] Connecting to the Broker Server...
[2025-06-24 09:37:35Z INFO ConfigurationStore] HasCredentials()
[2025-06-24 09:37:35Z INFO ConfigurationStore] stored True
[2025-06-24 09:37:35Z INFO CredentialManager] GetCredentialProvider
[2025-06-24 09:37:35Z INFO CredentialManager] Creating type OAuth
[2025-06-24 09:37:35Z INFO CredentialManager] Creating credential type: OAuth
[2025-06-24 09:37:35Z INFO RSAFileKeyManager] Loading RSA key parameters from file /Users/admin/Desktop/fullstack-docker-app-cicd/actions-runner/.credentials_rsaparams
[2025-06-24 09:37:35Z INFO BrokerMessageListener] VssConnection created
[2025-06-24 09:37:35Z INFO BrokerMessageListener] Connecting to the Runner server...
[2025-06-24 09:37:35Z INFO RunnerServer] EstablishVssConnection
[2025-06-24 09:37:35Z INFO RunnerServer] Establish connection with 100 seconds timeout.
[2025-06-24 09:37:35Z INFO GitHubActionsService] Starting operation Location.GetConnectionData
[2025-06-24 09:37:35Z INFO RunnerServer] EstablishVssConnection
[2025-06-24 09:37:35Z INFO RunnerServer] Establish connection with 60 seconds timeout.
[2025-06-24 09:37:35Z INFO GitHubActionsService] Starting operation Location.GetConnectionData
[2025-06-24 09:37:35Z INFO RunnerServer] EstablishVssConnection
[2025-06-24 09:37:35Z INFO RunnerServer] Establish connection with 60 seconds timeout.
[2025-06-24 09:37:35Z INFO GitHubActionsService] Starting operation Location.GetConnectionData
[2025-06-24 09:37:36Z INFO GitHubActionsService] Finished operation Location.GetConnectionData
[2025-06-24 09:37:36Z INFO GitHubActionsService] Finished operation Location.GetConnectionData
[2025-06-24 09:37:36Z INFO GitHubActionsService] Finished operation Location.GetConnectionData
[2025-06-24 09:37:36Z INFO BrokerMessageListener] VssConnection created
[2025-06-24 09:37:36Z INFO Terminal] WRITE LINE: 
[2025-06-24 09:37:36Z INFO Terminal] WRITE LINE: 
[2025-06-24 09:37:36Z INFO RSAFileKeyManager] Loading RSA key parameters from file /Users/admin/Desktop/fullstack-docker-app-cicd/actions-runner/.credentials_rsaparams
[2025-06-24 09:37:36Z INFO RSAFileKeyManager] Loading RSA key parameters from file /Users/admin/Desktop/fullstack-docker-app-cicd/actions-runner/.credentials_rsaparams
[2025-06-24 09:37:37Z INFO GitHubActionsService] AAD Correlation ID for this token request: Unknown
[2025-06-24 09:37:39Z INFO BrokerMessageListener] Session created.
[2025-06-24 09:37:39Z INFO Terminal] WRITE LINE: Current runner version: '2.325.0'
[2025-06-24 09:37:39Z INFO Terminal] WRITE LINE: 2025-06-24 09:37:39Z: Listening for Jobs
[2025-06-24 09:37:39Z INFO JobDispatcher] Set runner/worker IPC timeout to 30 seconds.
[2025-06-24 09:37:53Z INFO Terminal] WRITE LINE: Exiting...
[2025-06-24 09:37:53Z INFO ConfigurationStore] IsServiceConfigured()
[2025-06-24 09:37:53Z INFO ConfigurationStore] IsServiceConfigured: False
[2025-06-24 09:37:53Z INFO HostContext] Runner will be shutdown for UserCancelled
[2025-06-24 09:37:53Z WARN GitHubActionsService] GET request to https://broker.actions.githubusercontent.com/message?sessionId=0fc824a2-cef8-410c-bf0e-70b3eed9388e&status=Online&runnerVersion=2.325.0&os=macOS&architecture=X64&disableUpdate=false has been cancelled.
[2025-06-24 09:37:53Z ERR  BrokerServer] Catch exception during request
[2025-06-24 09:37:53Z ERR  BrokerServer] System.Threading.Tasks.TaskCanceledException: The operation was canceled.
 ---> System.Threading.Tasks.TaskCanceledException: The operation was canceled.
 ---> System.IO.IOException: The read operation failed, see inner exception.
 ---> System.ObjectDisposedException: Cannot access a disposed object.
Object name: 'System.Net.Sockets.NetworkStream'.
   at System.Net.Sockets.NetworkStream.ReadAsync(Memory`1 buffer, CancellationToken cancellationToken)
   at System.Net.Security.SslStream.EnsureFullTlsFrameAsync[TIOAdapter](CancellationToken cancellationToken, Int32 estimatedSize)
   at System.Runtime.CompilerServices.PoolingAsyncValueTaskMethodBuilder`1.StateMachineBox`1.System.Threading.Tasks.Sources.IValueTaskSource<TResult>.GetResult(Int16 token)
   at System.Net.Security.SslStream.ReadAsyncInternal[TIOAdapter](Memory`1 buffer, CancellationToken cancellationToken)
   --- End of inner exception stack trace ---
   at System.Net.Security.SslStream.ReadAsyncInternal[TIOAdapter](Memory`1 buffer, CancellationToken cancellationToken)
   at System.Runtime.CompilerServices.PoolingAsyncValueTaskMethodBuilder`1.StateMachineBox`1.System.Threading.Tasks.Sources.IValueTaskSource<TResult>.GetResult(Int16 token)
   at System.Net.Http.HttpConnection.SendAsync(HttpRequestMessage request, Boolean async, CancellationToken cancellationToken)
   --- End of inner exception stack trace ---
   at System.Net.Http.HttpConnection.SendAsync(HttpRequestMessage request, Boolean async, CancellationToken cancellationToken)
   at System.Net.Http.AuthenticationHelper.SendWithNtAuthAsync(HttpRequestMessage request, Uri authUri, Boolean async, ICredentials credentials, Boolean isProxyAuth, HttpConnection connection, HttpConnectionPool connectionPool, CancellationToken cancellationToken)
   at System.Net.Http.HttpConnectionPool.SendWithVersionDetectionAndRetryAsync(HttpRequestMessage request, Boolean async, Boolean doRequestAuth, CancellationToken cancellationToken)
   at System.Net.Http.AuthenticationHelper.SendWithAuthAsync(HttpRequestMessage request, Uri authUri, Boolean async, ICredentials credentials, Boolean preAuthenticate, Boolean isProxyAuth, Boolean doRequestAuth, HttpConnectionPool pool, CancellationToken cancellationToken)
   at System.Net.Http.RedirectHandler.SendAsync(HttpRequestMessage request, Boolean async, CancellationToken cancellationToken)
   at GitHub.Services.Common.RawHttpMessageHandler.SendAsync(HttpRequestMessage request, CancellationToken cancellationToken)
   at GitHub.Services.Common.VssHttpRetryMessageHandler.SendAsync(HttpRequestMessage request, CancellationToken cancellationToken)
   at System.Net.Http.HttpClient.<SendAsync>g__Core|83_0(HttpRequestMessage request, HttpCompletionOption completionOption, CancellationTokenSource cts, Boolean disposeCts, CancellationTokenSource pendingRequestsCts, CancellationToken originalCancellationToken)
   --- End of inner exception stack trace ---
   at System.Net.Http.HttpClient.HandleFailure(Exception e, Boolean telemetryStarted, HttpResponseMessage response, CancellationTokenSource cts, CancellationToken cancellationToken, CancellationTokenSource pendingRequestsCts)
   at System.Net.Http.HttpClient.<SendAsync>g__Core|83_0(HttpRequestMessage request, HttpCompletionOption completionOption, CancellationTokenSource cts, Boolean disposeCts, CancellationTokenSource pendingRequestsCts, CancellationToken originalCancellationToken)
   at Sdk.WebApi.WebApi.RawHttpClientBase.SendAsync(HttpRequestMessage message, HttpCompletionOption completionOption, Object userState, CancellationToken cancellationToken)
   at Sdk.WebApi.WebApi.RawHttpClientBase.SendAsync[T](HttpRequestMessage message, Boolean readErrorBody, Object userState, CancellationToken cancellationToken)
   at Sdk.WebApi.WebApi.RawHttpClientBase.SendAsync[T](HttpMethod method, IEnumerable`1 additionalHeaders, Uri requestUri, HttpContent content, IEnumerable`1 queryParameters, Boolean readErrorBody, Object userState, CancellationToken cancellationToken)
   at GitHub.Actions.RunService.WebApi.BrokerHttpClient.GetRunnerMessageAsync(Nullable`1 sessionId, String runnerVersion, Nullable`1 status, String os, String architecture, Nullable`1 disableUpdate, CancellationToken cancellationToken)
   at GitHub.Runner.Common.BrokerServer.<>c__DisplayClass7_0.<<GetRunnerMessageAsync>b__0>d.MoveNext()
--- End of stack trace from previous location ---
   at GitHub.Runner.Common.RunnerService.RetryRequest[T](Func`1 func, CancellationToken cancellationToken, Int32 maxRetryAttemptsCount, Func`2 shouldRetry)
[2025-06-24 09:37:53Z ERR  BrokerServer] #####################################################
[2025-06-24 09:37:53Z ERR  BrokerServer] System.Threading.Tasks.TaskCanceledException: The operation was canceled.
 ---> System.IO.IOException: The read operation failed, see inner exception.
 ---> System.ObjectDisposedException: Cannot access a disposed object.
Object name: 'System.Net.Sockets.NetworkStream'.
   at System.Net.Sockets.NetworkStream.ReadAsync(Memory`1 buffer, CancellationToken cancellationToken)
   at System.Net.Security.SslStream.EnsureFullTlsFrameAsync[TIOAdapter](CancellationToken cancellationToken, Int32 estimatedSize)
   at System.Runtime.CompilerServices.PoolingAsyncValueTaskMethodBuilder`1.StateMachineBox`1.System.Threading.Tasks.Sources.IValueTaskSource<TResult>.GetResult(Int16 token)
   at System.Net.Security.SslStream.ReadAsyncInternal[TIOAdapter](Memory`1 buffer, CancellationToken cancellationToken)
   --- End of inner exception stack trace ---
   at System.Net.Security.SslStream.ReadAsyncInternal[TIOAdapter](Memory`1 buffer, CancellationToken cancellationToken)
   at System.Runtime.CompilerServices.PoolingAsyncValueTaskMethodBuilder`1.StateMachineBox`1.System.Threading.Tasks.Sources.IValueTaskSource<TResult>.GetResult(Int16 token)
   at System.Net.Http.HttpConnection.SendAsync(HttpRequestMessage request, Boolean async, CancellationToken cancellationToken)
   --- End of inner exception stack trace ---
   at System.Net.Http.HttpConnection.SendAsync(HttpRequestMessage request, Boolean async, CancellationToken cancellationToken)
   at System.Net.Http.AuthenticationHelper.SendWithNtAuthAsync(HttpRequestMessage request, Uri authUri, Boolean async, ICredentials credentials, Boolean isProxyAuth, HttpConnection connection, HttpConnectionPool connectionPool, CancellationToken cancellationToken)
   at System.Net.Http.HttpConnectionPool.SendWithVersionDetectionAndRetryAsync(HttpRequestMessage request, Boolean async, Boolean doRequestAuth, CancellationToken cancellationToken)
   at System.Net.Http.AuthenticationHelper.SendWithAuthAsync(HttpRequestMessage request, Uri authUri, Boolean async, ICredentials credentials, Boolean preAuthenticate, Boolean isProxyAuth, Boolean doRequestAuth, HttpConnectionPool pool, CancellationToken cancellationToken)
   at System.Net.Http.RedirectHandler.SendAsync(HttpRequestMessage request, Boolean async, CancellationToken cancellationToken)
   at GitHub.Services.Common.RawHttpMessageHandler.SendAsync(HttpRequestMessage request, CancellationToken cancellationToken)
   at GitHub.Services.Common.VssHttpRetryMessageHandler.SendAsync(HttpRequestMessage request, CancellationToken cancellationToken)
   at System.Net.Http.HttpClient.<SendAsync>g__Core|83_0(HttpRequestMessage request, HttpCompletionOption completionOption, CancellationTokenSource cts, Boolean disposeCts, CancellationTokenSource pendingRequestsCts, CancellationToken originalCancellationToken)
[2025-06-24 09:37:53Z ERR  BrokerServer] #####################################################
[2025-06-24 09:37:53Z ERR  BrokerServer] System.IO.IOException: The read operation failed, see inner exception.
 ---> System.ObjectDisposedException: Cannot access a disposed object.
Object name: 'System.Net.Sockets.NetworkStream'.
   at System.Net.Sockets.NetworkStream.ReadAsync(Memory`1 buffer, CancellationToken cancellationToken)
   at System.Net.Security.SslStream.EnsureFullTlsFrameAsync[TIOAdapter](CancellationToken cancellationToken, Int32 estimatedSize)
   at System.Runtime.CompilerServices.PoolingAsyncValueTaskMethodBuilder`1.StateMachineBox`1.System.Threading.Tasks.Sources.IValueTaskSource<TResult>.GetResult(Int16 token)
   at System.Net.Security.SslStream.ReadAsyncInternal[TIOAdapter](Memory`1 buffer, CancellationToken cancellationToken)
   --- End of inner exception stack trace ---
   at System.Net.Security.SslStream.ReadAsyncInternal[TIOAdapter](Memory`1 buffer, CancellationToken cancellationToken)
   at System.Runtime.CompilerServices.PoolingAsyncValueTaskMethodBuilder`1.StateMachineBox`1.System.Threading.Tasks.Sources.IValueTaskSource<TResult>.GetResult(Int16 token)
   at System.Net.Http.HttpConnection.SendAsync(HttpRequestMessage request, Boolean async, CancellationToken cancellationToken)
[2025-06-24 09:37:53Z ERR  BrokerServer] #####################################################
[2025-06-24 09:37:53Z ERR  BrokerServer] System.ObjectDisposedException: Cannot access a disposed object.
Object name: 'System.Net.Sockets.NetworkStream'.
   at System.Net.Sockets.NetworkStream.ReadAsync(Memory`1 buffer, CancellationToken cancellationToken)
   at System.Net.Security.SslStream.EnsureFullTlsFrameAsync[TIOAdapter](CancellationToken cancellationToken, Int32 estimatedSize)
   at System.Runtime.CompilerServices.PoolingAsyncValueTaskMethodBuilder`1.StateMachineBox`1.System.Threading.Tasks.Sources.IValueTaskSource<TResult>.GetResult(Int16 token)
   at System.Net.Security.SslStream.ReadAsyncInternal[TIOAdapter](Memory`1 buffer, CancellationToken cancellationToken)
[2025-06-24 09:37:53Z WARN BrokerServer] Back off 6.515 seconds before next retry. 4 attempt left.
[2025-06-24 09:37:53Z INFO BrokerMessageListener] Get next message has been cancelled.
[2025-06-24 09:37:53Z INFO JobDispatcher] Shutting down JobDispatcher. Make sure all WorkerDispatcher has finished.
[2025-06-24 09:37:53Z INFO Runner] Deleting Runner Session...
[2025-06-24 09:37:54Z INFO Listener] Runner execution been cancelled.
