[2025-06-26 05:01:00Z INFO HostContext] No proxy settings were found based on environmental variables (http_proxy/https_proxy/HTTP_PROXY/HTTPS_PROXY)
[2025-06-26 05:01:00Z INFO HostContext] Well known directory 'Bin': '/Users/admin/Desktop/fullstack-docker-app-cicd/actions-runner/bin'
[2025-06-26 05:01:00Z INFO HostContext] Well known directory 'Root': '/Users/admin/Desktop/fullstack-docker-app-cicd/actions-runner'
[2025-06-26 05:01:00Z INFO HostContext] Well known config file 'Credentials': '/Users/admin/Desktop/fullstack-docker-app-cicd/actions-runner/.credentials'
[2025-06-26 05:01:00Z INFO HostContext] Well known directory 'Bin': '/Users/admin/Desktop/fullstack-docker-app-cicd/actions-runner/bin'
[2025-06-26 05:01:00Z INFO HostContext] Well known directory 'Root': '/Users/admin/Desktop/fullstack-docker-app-cicd/actions-runner'
[2025-06-26 05:01:00Z INFO HostContext] Well known config file 'Runner': '/Users/admin/Desktop/fullstack-docker-app-cicd/actions-runner/.runner'
[2025-06-26 05:01:00Z INFO Listener] Runner is built for OSX (X64) - osx-x64.
[2025-06-26 05:01:00Z INFO Listener] RuntimeInformation: Darwin 24.5.0 Darwin Kernel Version 24.5.0: Tue Apr 22 19:54:43 PDT 2025; root:xnu-11417.121.6~2/RELEASE_ARM64_T8132.
[2025-06-26 05:01:00Z INFO Listener] Version: 2.325.0
[2025-06-26 05:01:00Z INFO Listener] Commit: 71ed7cd46223bd5d61633445946813012b502d54
[2025-06-26 05:01:00Z INFO Listener] Culture: en-US
[2025-06-26 05:01:00Z INFO Listener] UI Culture: en-US
[2025-06-26 05:01:00Z INFO HostContext] Well known directory 'Bin': '/Users/admin/Desktop/fullstack-docker-app-cicd/actions-runner/bin'
[2025-06-26 05:01:00Z INFO HostContext] Well known directory 'Root': '/Users/admin/Desktop/fullstack-docker-app-cicd/actions-runner'
[2025-06-26 05:01:00Z INFO Listener] Validating directory permissions for: '/Users/admin/Desktop/fullstack-docker-app-cicd/actions-runner'
[2025-06-26 05:01:00Z INFO CommandLineParser] Parse
[2025-06-26 05:01:00Z INFO CommandLineParser] Parsing 1 args
[2025-06-26 05:01:00Z INFO CommandLineParser] parsing argument
[2025-06-26 05:01:00Z INFO CommandLineParser] HasArgs: False
[2025-06-26 05:01:00Z INFO CommandLineParser] Adding Command: run
[2025-06-26 05:01:00Z INFO Listener] Arguments parsed
[2025-06-26 05:01:00Z INFO Runner] ExecuteCommand
[2025-06-26 05:01:00Z INFO ConfigurationStore] currentAssemblyLocation: /Users/admin/Desktop/fullstack-docker-app-cicd/actions-runner/bin/Runner.Listener.dll
[2025-06-26 05:01:00Z INFO HostContext] Well known directory 'Bin': '/Users/admin/Desktop/fullstack-docker-app-cicd/actions-runner/bin'
[2025-06-26 05:01:00Z INFO ConfigurationStore] binPath: /Users/admin/Desktop/fullstack-docker-app-cicd/actions-runner/bin
[2025-06-26 05:01:00Z INFO HostContext] Well known directory 'Bin': '/Users/admin/Desktop/fullstack-docker-app-cicd/actions-runner/bin'
[2025-06-26 05:01:00Z INFO HostContext] Well known directory 'Root': '/Users/admin/Desktop/fullstack-docker-app-cicd/actions-runner'
[2025-06-26 05:01:00Z INFO ConfigurationStore] RootFolder: /Users/admin/Desktop/fullstack-docker-app-cicd/actions-runner
[2025-06-26 05:01:00Z INFO HostContext] Well known directory 'Bin': '/Users/admin/Desktop/fullstack-docker-app-cicd/actions-runner/bin'
[2025-06-26 05:01:00Z INFO HostContext] Well known directory 'Root': '/Users/admin/Desktop/fullstack-docker-app-cicd/actions-runner'
[2025-06-26 05:01:00Z INFO HostContext] Well known config file 'Runner': '/Users/admin/Desktop/fullstack-docker-app-cicd/actions-runner/.runner'
[2025-06-26 05:01:00Z INFO ConfigurationStore] ConfigFilePath: /Users/admin/Desktop/fullstack-docker-app-cicd/actions-runner/.runner
[2025-06-26 05:01:00Z INFO HostContext] Well known directory 'Bin': '/Users/admin/Desktop/fullstack-docker-app-cicd/actions-runner/bin'
[2025-06-26 05:01:00Z INFO HostContext] Well known directory 'Root': '/Users/admin/Desktop/fullstack-docker-app-cicd/actions-runner'
[2025-06-26 05:01:00Z INFO HostContext] Well known config file 'MigratedRunner': '/Users/admin/Desktop/fullstack-docker-app-cicd/actions-runner/.runner_migrated'
[2025-06-26 05:01:00Z INFO ConfigurationStore] MigratedConfigFilePath: /Users/admin/Desktop/fullstack-docker-app-cicd/actions-runner/.runner_migrated
[2025-06-26 05:01:00Z INFO HostContext] Well known directory 'Bin': '/Users/admin/Desktop/fullstack-docker-app-cicd/actions-runner/bin'
[2025-06-26 05:01:00Z INFO HostContext] Well known directory 'Root': '/Users/admin/Desktop/fullstack-docker-app-cicd/actions-runner'
[2025-06-26 05:01:00Z INFO HostContext] Well known config file 'Credentials': '/Users/admin/Desktop/fullstack-docker-app-cicd/actions-runner/.credentials'
[2025-06-26 05:01:00Z INFO ConfigurationStore] CredFilePath: /Users/admin/Desktop/fullstack-docker-app-cicd/actions-runner/.credentials
[2025-06-26 05:01:00Z INFO HostContext] Well known directory 'Bin': '/Users/admin/Desktop/fullstack-docker-app-cicd/actions-runner/bin'
[2025-06-26 05:01:00Z INFO HostContext] Well known directory 'Root': '/Users/admin/Desktop/fullstack-docker-app-cicd/actions-runner'
[2025-06-26 05:01:00Z INFO HostContext] Well known config file 'MigratedCredentials': '/Users/admin/Desktop/fullstack-docker-app-cicd/actions-runner/.credentials_migrated'
[2025-06-26 05:01:00Z INFO ConfigurationStore] MigratedCredFilePath: /Users/admin/Desktop/fullstack-docker-app-cicd/actions-runner/.credentials_migrated
[2025-06-26 05:01:00Z INFO HostContext] Well known directory 'Bin': '/Users/admin/Desktop/fullstack-docker-app-cicd/actions-runner/bin'
[2025-06-26 05:01:00Z INFO HostContext] Well known directory 'Root': '/Users/admin/Desktop/fullstack-docker-app-cicd/actions-runner'
[2025-06-26 05:01:00Z INFO HostContext] Well known config file 'Service': '/Users/admin/Desktop/fullstack-docker-app-cicd/actions-runner/.service'
[2025-06-26 05:01:00Z INFO ConfigurationStore] ServiceConfigFilePath: /Users/admin/Desktop/fullstack-docker-app-cicd/actions-runner/.service
[2025-06-26 05:01:00Z INFO CommandSettings] Flag 'help': 'False'
[2025-06-26 05:01:00Z INFO CommandSettings] Flag 'version': 'False'
[2025-06-26 05:01:00Z INFO CommandSettings] Flag 'commit': 'False'
[2025-06-26 05:01:00Z INFO CommandSettings] Flag 'check': 'False'
[2025-06-26 05:01:00Z INFO CommandSettings] Command 'configure': 'False'
[2025-06-26 05:01:00Z INFO CommandSettings] Command 'remove': 'False'
[2025-06-26 05:01:00Z INFO CommandSettings] Command 'warmup': 'False'
[2025-06-26 05:01:00Z INFO ConfigurationManager] LoadSettings
[2025-06-26 05:01:00Z INFO ConfigurationStore] IsConfigured()
[2025-06-26 05:01:00Z INFO ConfigurationStore] IsConfigured: True
[2025-06-26 05:01:00Z INFO ConfigurationManager] Is configured: True
[2025-06-26 05:01:00Z INFO ConfigurationStore] Read setting file: 413 chars
[2025-06-26 05:01:00Z INFO ConfigurationManager] Settings Loaded
[2025-06-26 05:01:00Z INFO ConfigurationStore] IsServiceConfigured()
[2025-06-26 05:01:00Z INFO ConfigurationStore] IsServiceConfigured: False
[2025-06-26 05:01:00Z INFO CommandSettings] Command 'run': 'True'
[2025-06-26 05:01:00Z INFO ConfigurationStore] IsConfigured()
[2025-06-26 05:01:00Z INFO ConfigurationStore] IsConfigured: True
[2025-06-26 05:01:00Z INFO ConfigurationManager] Is configured: True
[2025-06-26 05:01:00Z INFO Runner] Could not parse the argument value '' for StartupType. Defaulting to Manual
[2025-06-26 05:01:00Z INFO Runner] Set runner startup type - Manual
[2025-06-26 05:01:00Z INFO CommandSettings] Flag 'once': 'False'
[2025-06-26 05:01:00Z INFO CommandSettings] Flag 'once': 'False'
[2025-06-26 05:01:00Z INFO Runner] RunAsync
[2025-06-26 05:01:00Z INFO ConfigurationManager] LoadMigratedSettings
[2025-06-26 05:01:00Z INFO ConfigurationStore] IsMigratedConfigured()
[2025-06-26 05:01:00Z INFO ConfigurationStore] IsMigratedConfigured: False
[2025-06-26 05:01:00Z INFO Runner] Failed to load migrated settings: No migrated configuration found.
[2025-06-26 05:01:00Z INFO Runner] Falling back to original .runner settings
[2025-06-26 05:01:00Z INFO Runner] Using BrokerMessageListener
[2025-06-26 05:01:00Z INFO BrokerMessageListener] Using provided settings
[2025-06-26 05:01:00Z INFO BrokerMessageListener] {
  "AgentId": 2,
  "AgentName": "fullstack-docker-app-demo",
  "PoolId": 1,
  "PoolName": "Default",
  "ServerUrl": "https://pipelinesghubeus9.actions.githubusercontent.com/WamZnOYs2nHeAEXTjsrMD5Uf4629M6CFE6SvlmGWurcNE0O6wf/",
  "GitHubUrl": "https://github.com/hieulnt-aiot/fullstack-docker-ci-cd",
  "WorkFolder": "_work",
  "UseV2Flow": true,
  "ServerUrlV2": "https://broker.actions.githubusercontent.com/"
}
[2025-06-26 05:01:00Z INFO BrokerMessageListener] Loading Credentials
[2025-06-26 05:01:00Z INFO ConfigurationStore] HasCredentials()
[2025-06-26 05:01:00Z INFO ConfigurationStore] stored True
[2025-06-26 05:01:00Z INFO CredentialManager] GetCredentialProvider
[2025-06-26 05:01:00Z INFO CredentialManager] Creating type OAuth
[2025-06-26 05:01:00Z INFO CredentialManager] Creating credential type: OAuth
[2025-06-26 05:01:00Z INFO HostContext] Well known directory 'Bin': '/Users/admin/Desktop/fullstack-docker-app-cicd/actions-runner/bin'
[2025-06-26 05:01:00Z INFO HostContext] Well known directory 'Root': '/Users/admin/Desktop/fullstack-docker-app-cicd/actions-runner'
[2025-06-26 05:01:00Z INFO HostContext] Well known config file 'RSACredentials': '/Users/admin/Desktop/fullstack-docker-app-cicd/actions-runner/.credentials_rsaparams'
[2025-06-26 05:01:00Z INFO RSAFileKeyManager] Loading RSA key parameters from file /Users/admin/Desktop/fullstack-docker-app-cicd/actions-runner/.credentials_rsaparams
[2025-06-26 05:01:00Z INFO BrokerMessageListener] Attempt to create session.
[2025-06-26 05:01:00Z INFO BrokerMessageListener] Connecting to the Broker Server...
[2025-06-26 05:01:00Z INFO ConfigurationStore] HasCredentials()
[2025-06-26 05:01:00Z INFO ConfigurationStore] stored True
[2025-06-26 05:01:00Z INFO CredentialManager] GetCredentialProvider
[2025-06-26 05:01:00Z INFO CredentialManager] Creating type OAuth
[2025-06-26 05:01:00Z INFO CredentialManager] Creating credential type: OAuth
[2025-06-26 05:01:00Z INFO RSAFileKeyManager] Loading RSA key parameters from file /Users/admin/Desktop/fullstack-docker-app-cicd/actions-runner/.credentials_rsaparams
[2025-06-26 05:01:00Z INFO BrokerMessageListener] VssConnection created
[2025-06-26 05:01:00Z INFO BrokerMessageListener] Connecting to the Runner server...
[2025-06-26 05:01:00Z INFO RunnerServer] EstablishVssConnection
[2025-06-26 05:01:00Z INFO RunnerServer] Establish connection with 100 seconds timeout.
[2025-06-26 05:01:00Z INFO GitHubActionsService] Starting operation Location.GetConnectionData
[2025-06-26 05:01:00Z INFO RunnerServer] EstablishVssConnection
[2025-06-26 05:01:00Z INFO RunnerServer] Establish connection with 60 seconds timeout.
[2025-06-26 05:01:00Z INFO GitHubActionsService] Starting operation Location.GetConnectionData
[2025-06-26 05:01:00Z INFO RunnerServer] EstablishVssConnection
[2025-06-26 05:01:00Z INFO RunnerServer] Establish connection with 60 seconds timeout.
[2025-06-26 05:01:00Z INFO GitHubActionsService] Starting operation Location.GetConnectionData
[2025-06-26 05:01:02Z INFO GitHubActionsService] Finished operation Location.GetConnectionData
[2025-06-26 05:01:02Z INFO GitHubActionsService] Finished operation Location.GetConnectionData
[2025-06-26 05:01:02Z INFO GitHubActionsService] Finished operation Location.GetConnectionData
[2025-06-26 05:01:02Z INFO BrokerMessageListener] VssConnection created
[2025-06-26 05:01:02Z INFO Terminal] WRITE LINE: 
[2025-06-26 05:01:02Z INFO Terminal] WRITE LINE: 
[2025-06-26 05:01:02Z INFO RSAFileKeyManager] Loading RSA key parameters from file /Users/admin/Desktop/fullstack-docker-app-cicd/actions-runner/.credentials_rsaparams
[2025-06-26 05:01:02Z INFO RSAFileKeyManager] Loading RSA key parameters from file /Users/admin/Desktop/fullstack-docker-app-cicd/actions-runner/.credentials_rsaparams
[2025-06-26 05:01:03Z INFO GitHubActionsService] AAD Correlation ID for this token request: Unknown
[2025-06-26 05:01:04Z INFO BrokerMessageListener] Session created.
[2025-06-26 05:01:04Z INFO Terminal] WRITE LINE: Current runner version: '2.325.0'
[2025-06-26 05:01:04Z INFO Terminal] WRITE LINE: 2025-06-26 05:01:04Z: Listening for Jobs
[2025-06-26 05:01:04Z INFO JobDispatcher] Set runner/worker IPC timeout to 30 seconds.
[2025-06-26 05:01:05Z INFO ConfigurationStore] HasCredentials()
[2025-06-26 05:01:05Z INFO ConfigurationStore] stored True
[2025-06-26 05:01:05Z INFO CredentialManager] GetCredentialProvider
[2025-06-26 05:01:05Z INFO CredentialManager] Creating type OAuth
[2025-06-26 05:01:05Z INFO CredentialManager] Creating credential type: OAuth
[2025-06-26 05:01:05Z INFO RSAFileKeyManager] Loading RSA key parameters from file /Users/admin/Desktop/fullstack-docker-app-cicd/actions-runner/.credentials_rsaparams
[2025-06-26 05:01:05Z INFO RSAFileKeyManager] Loading RSA key parameters from file /Users/admin/Desktop/fullstack-docker-app-cicd/actions-runner/.credentials_rsaparams
[2025-06-26 05:01:05Z INFO RSAFileKeyManager] Loading RSA key parameters from file /Users/admin/Desktop/fullstack-docker-app-cicd/actions-runner/.credentials_rsaparams
[2025-06-26 05:01:06Z INFO GitHubActionsService] AAD Correlation ID for this token request: Unknown
[2025-06-26 05:01:08Z INFO JobDispatcher] Job request 0 for plan ab0da3a3-d74d-4801-bec0-f8d2f7b363d1 job 901d2210-90e9-55d7-aac4-a2964421b6f5 received.
[2025-06-26 05:01:08Z INFO BrokerMessageListener] Received job status event. JobState: Busy
[2025-06-26 05:01:08Z INFO BrokerMessageListener] _getMessagesTokenSource is already disposed.
[2025-06-26 05:01:08Z INFO Terminal] WRITE LINE: 2025-06-26 05:01:08Z: Running job: deploy
[2025-06-26 05:01:08Z INFO JobDispatcher] Start renew job request 0 for job 901d2210-90e9-55d7-aac4-a2964421b6f5.
[2025-06-26 05:01:09Z INFO JobDispatcher] Successfully renew job 901d2210-90e9-55d7-aac4-a2964421b6f5, job is valid till 6/26/2025 5:11:09 AM
[2025-06-26 05:01:09Z INFO HostContext] Well known directory 'Bin': '/Users/admin/Desktop/fullstack-docker-app-cicd/actions-runner/bin'
[2025-06-26 05:01:09Z INFO ProcessInvokerWrapper] Starting process:
[2025-06-26 05:01:09Z INFO ProcessInvokerWrapper]   File name: '/Users/admin/Desktop/fullstack-docker-app-cicd/actions-runner/bin/Runner.Worker'
[2025-06-26 05:01:09Z INFO ProcessInvokerWrapper]   Arguments: 'spawnclient 150 153'
[2025-06-26 05:01:09Z INFO ProcessInvokerWrapper]   Working directory: '/Users/admin/Desktop/fullstack-docker-app-cicd/actions-runner/bin'
[2025-06-26 05:01:09Z INFO ProcessInvokerWrapper]   Require exit code zero: 'False'
[2025-06-26 05:01:09Z INFO ProcessInvokerWrapper]   Encoding web name:  ; code page: ''
[2025-06-26 05:01:09Z INFO ProcessInvokerWrapper]   Force kill process on cancellation: 'True'
[2025-06-26 05:01:09Z INFO ProcessInvokerWrapper]   Redirected STDIN: 'False'
[2025-06-26 05:01:09Z INFO ProcessInvokerWrapper]   Persist current code page: 'False'
[2025-06-26 05:01:09Z INFO ProcessInvokerWrapper]   Keep redirected STDIN open: 'False'
[2025-06-26 05:01:09Z INFO ProcessInvokerWrapper]   High priority process: 'True'
[2025-06-26 05:01:09Z INFO ProcessInvokerWrapper] Process started with process id 16028, waiting for process exit.
[2025-06-26 05:01:09Z INFO JobDispatcher] Send job request message to worker for job 901d2210-90e9-55d7-aac4-a2964421b6f5.
[2025-06-26 05:01:09Z INFO ProcessChannel] Sending message of length 24220, with hash 'b228c17fd1a1b98dcbc06e1e67d5012aa737833704fd882af3adfcb72a4d8316'
[2025-06-26 05:01:09Z INFO JobNotification] Entering JobStarted Notification
[2025-06-26 05:01:09Z INFO JobNotification] Entering StartMonitor
[2025-06-26 05:01:52Z INFO ProcessInvokerWrapper] STDOUT/STDERR stream read finished.
[2025-06-26 05:01:52Z INFO ProcessInvokerWrapper] STDOUT/STDERR stream read finished.
[2025-06-26 05:01:52Z INFO ProcessInvokerWrapper] Finished process 16028 with exit code 102, and elapsed time 00:00:43.0284723.
[2025-06-26 05:01:52Z INFO JobDispatcher] Worker finished for job 901d2210-90e9-55d7-aac4-a2964421b6f5. Code: 102
[2025-06-26 05:01:52Z INFO JobDispatcher] finish job request for job 901d2210-90e9-55d7-aac4-a2964421b6f5 with result: Failed
[2025-06-26 05:01:52Z INFO Terminal] WRITE LINE: 2025-06-26 05:01:52Z: Job deploy completed with result: Failed
[2025-06-26 05:01:52Z INFO JobDispatcher] Stop renew job request for job 901d2210-90e9-55d7-aac4-a2964421b6f5.
[2025-06-26 05:01:52Z INFO JobDispatcher] job renew has been cancelled, stop renew job 901d2210-90e9-55d7-aac4-a2964421b6f5.
[2025-06-26 05:01:52Z INFO JobNotification] Entering JobCompleted Notification
[2025-06-26 05:01:52Z INFO JobNotification] Entering EndMonitor
[2025-06-26 05:01:52Z INFO BrokerMessageListener] Received job status event. JobState: Online
[2025-06-26 05:01:52Z WARN GitHubActionsService] GET request to https://broker.actions.githubusercontent.com/message?sessionId=7a91c929-5c33-44c7-b1f4-1361bb385f6d&status=Busy&runnerVersion=2.325.0&os=macOS&architecture=X64&disableUpdate=false has been cancelled.
[2025-06-26 05:01:52Z ERR  BrokerServer] Catch exception during request
[2025-06-26 05:01:52Z ERR  BrokerServer] System.Threading.Tasks.TaskCanceledException: The operation was canceled.
 ---> System.Threading.Tasks.TaskCanceledException: The operation was canceled.
 ---> System.IO.IOException: Unable to read data from the transport connection: Operation canceled.
 ---> System.Net.Sockets.SocketException (89): Operation canceled
   --- End of inner exception stack trace ---
   at System.Net.Sockets.Socket.AwaitableSocketAsyncEventArgs.ThrowException(SocketError error, CancellationToken cancellationToken)
   at System.Net.Sockets.Socket.AwaitableSocketAsyncEventArgs.System.Threading.Tasks.Sources.IValueTaskSource<System.Int32>.GetResult(Int16 token)
   at System.Net.Security.SslStream.EnsureFullTlsFrameAsync[TIOAdapter](CancellationToken cancellationToken, Int32 estimatedSize)
   at System.Runtime.CompilerServices.PoolingAsyncValueTaskMethodBuilder`1.StateMachineBox`1.System.Threading.Tasks.Sources.IValueTaskSource<TResult>.GetResult(Int16 token)
   at System.Net.Security.SslStream.ReadAsyncInternal[TIOAdapter](Memory`1 buffer, CancellationToken cancellationToken)
   at System.Runtime.CompilerServices.PoolingAsyncValueTaskMethodBuilder`1.StateMachineBox`1.System.Threading.Tasks.Sources.IValueTaskSource<TResult>.GetResult(Int16 token)
   at System.Net.Http.HttpConnection.SendAsync(HttpRequestMessage request, Boolean async, CancellationToken cancellationToken)
   --- End of inner exception stack trace ---
   at System.Net.Http.HttpConnection.SendAsync(HttpRequestMessage request, Boolean async, CancellationToken cancellationToken)
   at System.Net.Http.AuthenticationHelper.SendWithNtAuthAsync(HttpRequestMessage request, Uri authUri, Boolean async, ICredentials credentials, Boolean isProxyAuth, HttpConnection connection, HttpConnectionPool connectionPool, CancellationToken cancellationToken)
   at System.Net.Http.HttpConnectionPool.SendWithVersionDetectionAndRetryAsync(HttpRequestMessage request, Boolean async, Boolean doRequestAuth, CancellationToken cancellationToken)
   at System.Net.Http.AuthenticationHelper.SendWithAuthAsync(HttpRequestMessage request, Uri authUri, Boolean async, ICredentials credentials, Boolean preAuthenticate, Boolean isProxyAuth, Boolean doRequestAuth, HttpConnectionPool pool, CancellationToken cancellationToken)
   at System.Net.Http.RedirectHandler.SendAsync(HttpRequestMessage request, Boolean async, CancellationToken cancellationToken)
   at GitHub.Services.Common.RawHttpMessageHandler.SendAsync(HttpRequestMessage request, CancellationToken cancellationToken)
   at GitHub.Services.Common.VssHttpRetryMessageHandler.SendAsync(HttpRequestMessage request, CancellationToken cancellationToken)
   at System.Net.Http.HttpClient.<SendAsync>g__Core|83_0(HttpRequestMessage request, HttpCompletionOption completionOption, CancellationTokenSource cts, Boolean disposeCts, CancellationTokenSource pendingRequestsCts, CancellationToken originalCancellationToken)
   --- End of inner exception stack trace ---
   at System.Net.Http.HttpClient.HandleFailure(Exception e, Boolean telemetryStarted, HttpResponseMessage response, CancellationTokenSource cts, CancellationToken cancellationToken, CancellationTokenSource pendingRequestsCts)
   at System.Net.Http.HttpClient.<SendAsync>g__Core|83_0(HttpRequestMessage request, HttpCompletionOption completionOption, CancellationTokenSource cts, Boolean disposeCts, CancellationTokenSource pendingRequestsCts, CancellationToken originalCancellationToken)
   at Sdk.WebApi.WebApi.RawHttpClientBase.SendAsync(HttpRequestMessage message, HttpCompletionOption completionOption, Object userState, CancellationToken cancellationToken)
   at Sdk.WebApi.WebApi.RawHttpClientBase.SendAsync[T](HttpRequestMessage message, Boolean readErrorBody, Object userState, CancellationToken cancellationToken)
   at Sdk.WebApi.WebApi.RawHttpClientBase.SendAsync[T](HttpMethod method, IEnumerable`1 additionalHeaders, Uri requestUri, HttpContent content, IEnumerable`1 queryParameters, Boolean readErrorBody, Object userState, CancellationToken cancellationToken)
   at GitHub.Actions.RunService.WebApi.BrokerHttpClient.GetRunnerMessageAsync(Nullable`1 sessionId, String runnerVersion, Nullable`1 status, String os, String architecture, Nullable`1 disableUpdate, CancellationToken cancellationToken)
   at GitHub.Runner.Common.BrokerServer.<>c__DisplayClass7_0.<<GetRunnerMessageAsync>b__0>d.MoveNext()
--- End of stack trace from previous location ---
   at GitHub.Runner.Common.RunnerService.RetryRequest[T](Func`1 func, CancellationToken cancellationToken, Int32 maxRetryAttemptsCount, Func`2 shouldRetry)
[2025-06-26 05:01:52Z ERR  BrokerServer] #####################################################
[2025-06-26 05:01:52Z ERR  BrokerServer] System.Threading.Tasks.TaskCanceledException: The operation was canceled.
 ---> System.IO.IOException: Unable to read data from the transport connection: Operation canceled.
 ---> System.Net.Sockets.SocketException (89): Operation canceled
   --- End of inner exception stack trace ---
   at System.Net.Sockets.Socket.AwaitableSocketAsyncEventArgs.ThrowException(SocketError error, CancellationToken cancellationToken)
   at System.Net.Sockets.Socket.AwaitableSocketAsyncEventArgs.System.Threading.Tasks.Sources.IValueTaskSource<System.Int32>.GetResult(Int16 token)
   at System.Net.Security.SslStream.EnsureFullTlsFrameAsync[TIOAdapter](CancellationToken cancellationToken, Int32 estimatedSize)
   at System.Runtime.CompilerServices.PoolingAsyncValueTaskMethodBuilder`1.StateMachineBox`1.System.Threading.Tasks.Sources.IValueTaskSource<TResult>.GetResult(Int16 token)
   at System.Net.Security.SslStream.ReadAsyncInternal[TIOAdapter](Memory`1 buffer, CancellationToken cancellationToken)
   at System.Runtime.CompilerServices.PoolingAsyncValueTaskMethodBuilder`1.StateMachineBox`1.System.Threading.Tasks.Sources.IValueTaskSource<TResult>.GetResult(Int16 token)
   at System.Net.Http.HttpConnection.SendAsync(HttpRequestMessage request, Boolean async, CancellationToken cancellationToken)
   --- End of inner exception stack trace ---
   at System.Net.Http.HttpConnection.SendAsync(HttpRequestMessage request, Boolean async, CancellationToken cancellationToken)
   at System.Net.Http.AuthenticationHelper.SendWithNtAuthAsync(HttpRequestMessage request, Uri authUri, Boolean async, ICredentials credentials, Boolean isProxyAuth, HttpConnection connection, HttpConnectionPool connectionPool, CancellationToken cancellationToken)
   at System.Net.Http.HttpConnectionPool.SendWithVersionDetectionAndRetryAsync(HttpRequestMessage request, Boolean async, Boolean doRequestAuth, CancellationToken cancellationToken)
   at System.Net.Http.AuthenticationHelper.SendWithAuthAsync(HttpRequestMessage request, Uri authUri, Boolean async, ICredentials credentials, Boolean preAuthenticate, Boolean isProxyAuth, Boolean doRequestAuth, HttpConnectionPool pool, CancellationToken cancellationToken)
   at System.Net.Http.RedirectHandler.SendAsync(HttpRequestMessage request, Boolean async, CancellationToken cancellationToken)
   at GitHub.Services.Common.RawHttpMessageHandler.SendAsync(HttpRequestMessage request, CancellationToken cancellationToken)
   at GitHub.Services.Common.VssHttpRetryMessageHandler.SendAsync(HttpRequestMessage request, CancellationToken cancellationToken)
   at System.Net.Http.HttpClient.<SendAsync>g__Core|83_0(HttpRequestMessage request, HttpCompletionOption completionOption, CancellationTokenSource cts, Boolean disposeCts, CancellationTokenSource pendingRequestsCts, CancellationToken originalCancellationToken)
[2025-06-26 05:01:52Z ERR  BrokerServer] #####################################################
[2025-06-26 05:01:52Z ERR  BrokerServer] System.IO.IOException: Unable to read data from the transport connection: Operation canceled.
 ---> System.Net.Sockets.SocketException (89): Operation canceled
   --- End of inner exception stack trace ---
   at System.Net.Sockets.Socket.AwaitableSocketAsyncEventArgs.ThrowException(SocketError error, CancellationToken cancellationToken)
   at System.Net.Sockets.Socket.AwaitableSocketAsyncEventArgs.System.Threading.Tasks.Sources.IValueTaskSource<System.Int32>.GetResult(Int16 token)
   at System.Net.Security.SslStream.EnsureFullTlsFrameAsync[TIOAdapter](CancellationToken cancellationToken, Int32 estimatedSize)
   at System.Runtime.CompilerServices.PoolingAsyncValueTaskMethodBuilder`1.StateMachineBox`1.System.Threading.Tasks.Sources.IValueTaskSource<TResult>.GetResult(Int16 token)
   at System.Net.Security.SslStream.ReadAsyncInternal[TIOAdapter](Memory`1 buffer, CancellationToken cancellationToken)
   at System.Runtime.CompilerServices.PoolingAsyncValueTaskMethodBuilder`1.StateMachineBox`1.System.Threading.Tasks.Sources.IValueTaskSource<TResult>.GetResult(Int16 token)
   at System.Net.Http.HttpConnection.SendAsync(HttpRequestMessage request, Boolean async, CancellationToken cancellationToken)
[2025-06-26 05:01:52Z ERR  BrokerServer] #####################################################
[2025-06-26 05:01:52Z ERR  BrokerServer] System.Net.Sockets.SocketException (89): Operation canceled
[2025-06-26 05:01:52Z WARN BrokerServer] Back off 10.953 seconds before next retry. 4 attempt left.
[2025-06-26 05:01:52Z INFO BrokerMessageListener] Get messages has been cancelled using local token source. Continue to get messages with new status.
[2025-06-26 05:05:25Z INFO Terminal] WRITE LINE: Exiting...
[2025-06-26 05:05:25Z INFO ConfigurationStore] IsServiceConfigured()
[2025-06-26 05:05:25Z INFO ConfigurationStore] IsServiceConfigured: False
[2025-06-26 05:05:25Z INFO HostContext] Runner will be shutdown for UserCancelled
[2025-06-26 05:05:25Z WARN GitHubActionsService] GET request to https://broker.actions.githubusercontent.com/message?sessionId=7a91c929-5c33-44c7-b1f4-1361bb385f6d&status=Online&runnerVersion=2.325.0&os=macOS&architecture=X64&disableUpdate=false has been cancelled.
[2025-06-26 05:05:25Z ERR  BrokerServer] Catch exception during request
[2025-06-26 05:05:25Z ERR  BrokerServer] System.Threading.Tasks.TaskCanceledException: The operation was canceled.
 ---> System.Threading.Tasks.TaskCanceledException: The operation was canceled.
 ---> System.IO.IOException: Unable to read data from the transport connection: Operation canceled.
 ---> System.Net.Sockets.SocketException (89): Operation canceled
   --- End of inner exception stack trace ---
   at System.Net.Sockets.Socket.AwaitableSocketAsyncEventArgs.ThrowException(SocketError error, CancellationToken cancellationToken)
   at System.Net.Sockets.Socket.AwaitableSocketAsyncEventArgs.System.Threading.Tasks.Sources.IValueTaskSource<System.Int32>.GetResult(Int16 token)
   at System.Net.Security.SslStream.EnsureFullTlsFrameAsync[TIOAdapter](CancellationToken cancellationToken, Int32 estimatedSize)
   at System.Runtime.CompilerServices.PoolingAsyncValueTaskMethodBuilder`1.StateMachineBox`1.System.Threading.Tasks.Sources.IValueTaskSource<TResult>.GetResult(Int16 token)
   at System.Net.Security.SslStream.ReadAsyncInternal[TIOAdapter](Memory`1 buffer, CancellationToken cancellationToken)
   at System.Runtime.CompilerServices.PoolingAsyncValueTaskMethodBuilder`1.StateMachineBox`1.System.Threading.Tasks.Sources.IValueTaskSource<TResult>.GetResult(Int16 token)
   at System.Net.Http.HttpConnection.SendAsync(HttpRequestMessage request, Boolean async, CancellationToken cancellationToken)
   --- End of inner exception stack trace ---
   at System.Net.Http.HttpConnection.SendAsync(HttpRequestMessage request, Boolean async, CancellationToken cancellationToken)
   at System.Net.Http.AuthenticationHelper.SendWithNtAuthAsync(HttpRequestMessage request, Uri authUri, Boolean async, ICredentials credentials, Boolean isProxyAuth, HttpConnection connection, HttpConnectionPool connectionPool, CancellationToken cancellationToken)
   at System.Net.Http.HttpConnectionPool.SendWithVersionDetectionAndRetryAsync(HttpRequestMessage request, Boolean async, Boolean doRequestAuth, CancellationToken cancellationToken)
   at System.Net.Http.AuthenticationHelper.SendWithAuthAsync(HttpRequestMessage request, Uri authUri, Boolean async, ICredentials credentials, Boolean preAuthenticate, Boolean isProxyAuth, Boolean doRequestAuth, HttpConnectionPool pool, CancellationToken cancellationToken)
   at System.Net.Http.RedirectHandler.SendAsync(HttpRequestMessage request, Boolean async, CancellationToken cancellationToken)
   at GitHub.Services.Common.RawHttpMessageHandler.SendAsync(HttpRequestMessage request, CancellationToken cancellationToken)
   at GitHub.Services.Common.VssHttpRetryMessageHandler.SendAsync(HttpRequestMessage request, CancellationToken cancellationToken)
   at System.Net.Http.HttpClient.<SendAsync>g__Core|83_0(HttpRequestMessage request, HttpCompletionOption completionOption, CancellationTokenSource cts, Boolean disposeCts, CancellationTokenSource pendingRequestsCts, CancellationToken originalCancellationToken)
   --- End of inner exception stack trace ---
   at System.Net.Http.HttpClient.HandleFailure(Exception e, Boolean telemetryStarted, HttpResponseMessage response, CancellationTokenSource cts, CancellationToken cancellationToken, CancellationTokenSource pendingRequestsCts)
   at System.Net.Http.HttpClient.<SendAsync>g__Core|83_0(HttpRequestMessage request, HttpCompletionOption completionOption, CancellationTokenSource cts, Boolean disposeCts, CancellationTokenSource pendingRequestsCts, CancellationToken originalCancellationToken)
   at Sdk.WebApi.WebApi.RawHttpClientBase.SendAsync(HttpRequestMessage message, HttpCompletionOption completionOption, Object userState, CancellationToken cancellationToken)
   at Sdk.WebApi.WebApi.RawHttpClientBase.SendAsync[T](HttpRequestMessage message, Boolean readErrorBody, Object userState, CancellationToken cancellationToken)
   at Sdk.WebApi.WebApi.RawHttpClientBase.SendAsync[T](HttpMethod method, IEnumerable`1 additionalHeaders, Uri requestUri, HttpContent content, IEnumerable`1 queryParameters, Boolean readErrorBody, Object userState, CancellationToken cancellationToken)
   at GitHub.Actions.RunService.WebApi.BrokerHttpClient.GetRunnerMessageAsync(Nullable`1 sessionId, String runnerVersion, Nullable`1 status, String os, String architecture, Nullable`1 disableUpdate, CancellationToken cancellationToken)
   at GitHub.Runner.Common.BrokerServer.<>c__DisplayClass7_0.<<GetRunnerMessageAsync>b__0>d.MoveNext()
--- End of stack trace from previous location ---
   at GitHub.Runner.Common.RunnerService.RetryRequest[T](Func`1 func, CancellationToken cancellationToken, Int32 maxRetryAttemptsCount, Func`2 shouldRetry)
[2025-06-26 05:05:25Z ERR  BrokerServer] #####################################################
[2025-06-26 05:05:25Z ERR  BrokerServer] System.Threading.Tasks.TaskCanceledException: The operation was canceled.
 ---> System.IO.IOException: Unable to read data from the transport connection: Operation canceled.
 ---> System.Net.Sockets.SocketException (89): Operation canceled
   --- End of inner exception stack trace ---
   at System.Net.Sockets.Socket.AwaitableSocketAsyncEventArgs.ThrowException(SocketError error, CancellationToken cancellationToken)
   at System.Net.Sockets.Socket.AwaitableSocketAsyncEventArgs.System.Threading.Tasks.Sources.IValueTaskSource<System.Int32>.GetResult(Int16 token)
   at System.Net.Security.SslStream.EnsureFullTlsFrameAsync[TIOAdapter](CancellationToken cancellationToken, Int32 estimatedSize)
   at System.Runtime.CompilerServices.PoolingAsyncValueTaskMethodBuilder`1.StateMachineBox`1.System.Threading.Tasks.Sources.IValueTaskSource<TResult>.GetResult(Int16 token)
   at System.Net.Security.SslStream.ReadAsyncInternal[TIOAdapter](Memory`1 buffer, CancellationToken cancellationToken)
   at System.Runtime.CompilerServices.PoolingAsyncValueTaskMethodBuilder`1.StateMachineBox`1.System.Threading.Tasks.Sources.IValueTaskSource<TResult>.GetResult(Int16 token)
   at System.Net.Http.HttpConnection.SendAsync(HttpRequestMessage request, Boolean async, CancellationToken cancellationToken)
   --- End of inner exception stack trace ---
   at System.Net.Http.HttpConnection.SendAsync(HttpRequestMessage request, Boolean async, CancellationToken cancellationToken)
   at System.Net.Http.AuthenticationHelper.SendWithNtAuthAsync(HttpRequestMessage request, Uri authUri, Boolean async, ICredentials credentials, Boolean isProxyAuth, HttpConnection connection, HttpConnectionPool connectionPool, CancellationToken cancellationToken)
   at System.Net.Http.HttpConnectionPool.SendWithVersionDetectionAndRetryAsync(HttpRequestMessage request, Boolean async, Boolean doRequestAuth, CancellationToken cancellationToken)
   at System.Net.Http.AuthenticationHelper.SendWithAuthAsync(HttpRequestMessage request, Uri authUri, Boolean async, ICredentials credentials, Boolean preAuthenticate, Boolean isProxyAuth, Boolean doRequestAuth, HttpConnectionPool pool, CancellationToken cancellationToken)
   at System.Net.Http.RedirectHandler.SendAsync(HttpRequestMessage request, Boolean async, CancellationToken cancellationToken)
   at GitHub.Services.Common.RawHttpMessageHandler.SendAsync(HttpRequestMessage request, CancellationToken cancellationToken)
   at GitHub.Services.Common.VssHttpRetryMessageHandler.SendAsync(HttpRequestMessage request, CancellationToken cancellationToken)
   at System.Net.Http.HttpClient.<SendAsync>g__Core|83_0(HttpRequestMessage request, HttpCompletionOption completionOption, CancellationTokenSource cts, Boolean disposeCts, CancellationTokenSource pendingRequestsCts, CancellationToken originalCancellationToken)
[2025-06-26 05:05:25Z ERR  BrokerServer] #####################################################
[2025-06-26 05:05:25Z ERR  BrokerServer] System.IO.IOException: Unable to read data from the transport connection: Operation canceled.
 ---> System.Net.Sockets.SocketException (89): Operation canceled
   --- End of inner exception stack trace ---
   at System.Net.Sockets.Socket.AwaitableSocketAsyncEventArgs.ThrowException(SocketError error, CancellationToken cancellationToken)
   at System.Net.Sockets.Socket.AwaitableSocketAsyncEventArgs.System.Threading.Tasks.Sources.IValueTaskSource<System.Int32>.GetResult(Int16 token)
   at System.Net.Security.SslStream.EnsureFullTlsFrameAsync[TIOAdapter](CancellationToken cancellationToken, Int32 estimatedSize)
   at System.Runtime.CompilerServices.PoolingAsyncValueTaskMethodBuilder`1.StateMachineBox`1.System.Threading.Tasks.Sources.IValueTaskSource<TResult>.GetResult(Int16 token)
   at System.Net.Security.SslStream.ReadAsyncInternal[TIOAdapter](Memory`1 buffer, CancellationToken cancellationToken)
   at System.Runtime.CompilerServices.PoolingAsyncValueTaskMethodBuilder`1.StateMachineBox`1.System.Threading.Tasks.Sources.IValueTaskSource<TResult>.GetResult(Int16 token)
   at System.Net.Http.HttpConnection.SendAsync(HttpRequestMessage request, Boolean async, CancellationToken cancellationToken)
[2025-06-26 05:05:25Z ERR  BrokerServer] #####################################################
[2025-06-26 05:05:25Z ERR  BrokerServer] System.Net.Sockets.SocketException (89): Operation canceled
[2025-06-26 05:05:25Z WARN BrokerServer] Back off 9.16 seconds before next retry. 4 attempt left.
[2025-06-26 05:05:25Z INFO BrokerMessageListener] Get next message has been cancelled.
[2025-06-26 05:05:25Z INFO JobDispatcher] Shutting down JobDispatcher. Make sure all WorkerDispatcher has finished.
[2025-06-26 05:05:25Z INFO JobDispatcher] Ensure WorkerDispatcher for job 901d2210-90e9-55d7-aac4-a2964421b6f5 run to finish, cancel any running job.
[2025-06-26 05:05:25Z INFO JobDispatcher] Job request 901d2210-90e9-55d7-aac4-a2964421b6f5 processed succeed.
[2025-06-26 05:05:25Z INFO Runner] Deleting Runner Session...
[2025-06-26 05:05:26Z INFO Listener] Runner execution been cancelled.
