[2025-06-24 09:08:23Z INFO HostContext] No proxy settings were found based on environmental variables (http_proxy/https_proxy/HTTP_PROXY/HTTPS_PROXY)
[2025-06-24 09:08:23Z INFO HostContext] Well known directory 'Bin': '/Users/admin/Desktop/fullstack-docker-app-cicd/actions-runner/bin'
[2025-06-24 09:08:23Z INFO HostContext] Well known directory 'Root': '/Users/admin/Desktop/fullstack-docker-app-cicd/actions-runner'
[2025-06-24 09:08:23Z INFO HostContext] Well known config file 'Credentials': '/Users/admin/Desktop/fullstack-docker-app-cicd/actions-runner/.credentials'
[2025-06-24 09:08:23Z INFO HostContext] Well known directory 'Bin': '/Users/admin/Desktop/fullstack-docker-app-cicd/actions-runner/bin'
[2025-06-24 09:08:23Z INFO HostContext] Well known directory 'Root': '/Users/admin/Desktop/fullstack-docker-app-cicd/actions-runner'
[2025-06-24 09:08:23Z INFO HostContext] Well known config file 'Runner': '/Users/admin/Desktop/fullstack-docker-app-cicd/actions-runner/.runner'
[2025-06-24 09:08:23Z INFO Listener] Runner is built for OSX (X64) - osx-x64.
[2025-06-24 09:08:23Z INFO Listener] RuntimeInformation: Darwin 24.5.0 Darwin Kernel Version 24.5.0: Tue Apr 22 19:54:43 PDT 2025; root:xnu-11417.121.6~2/RELEASE_ARM64_T8132.
[2025-06-24 09:08:23Z INFO Listener] Version: 2.325.0
[2025-06-24 09:08:23Z INFO Listener] Commit: 71ed7cd46223bd5d61633445946813012b502d54
[2025-06-24 09:08:23Z INFO Listener] Culture: en-US
[2025-06-24 09:08:23Z INFO Listener] UI Culture: en-US
[2025-06-24 09:08:23Z INFO HostContext] Well known directory 'Bin': '/Users/admin/Desktop/fullstack-docker-app-cicd/actions-runner/bin'
[2025-06-24 09:08:23Z INFO HostContext] Well known directory 'Root': '/Users/admin/Desktop/fullstack-docker-app-cicd/actions-runner'
[2025-06-24 09:08:23Z INFO Listener] Validating directory permissions for: '/Users/admin/Desktop/fullstack-docker-app-cicd/actions-runner'
[2025-06-24 09:08:23Z INFO CommandLineParser] Parse
[2025-06-24 09:08:23Z INFO CommandLineParser] Parsing 1 args
[2025-06-24 09:08:23Z INFO CommandLineParser] parsing argument
[2025-06-24 09:08:23Z INFO CommandLineParser] HasArgs: False
[2025-06-24 09:08:23Z INFO CommandLineParser] Adding Command: run
[2025-06-24 09:08:23Z INFO Listener] Arguments parsed
[2025-06-24 09:08:23Z INFO Runner] ExecuteCommand
[2025-06-24 09:08:23Z INFO ConfigurationStore] currentAssemblyLocation: /Users/admin/Desktop/fullstack-docker-app-cicd/actions-runner/bin/Runner.Listener.dll
[2025-06-24 09:08:23Z INFO HostContext] Well known directory 'Bin': '/Users/admin/Desktop/fullstack-docker-app-cicd/actions-runner/bin'
[2025-06-24 09:08:23Z INFO ConfigurationStore] binPath: /Users/admin/Desktop/fullstack-docker-app-cicd/actions-runner/bin
[2025-06-24 09:08:23Z INFO HostContext] Well known directory 'Bin': '/Users/admin/Desktop/fullstack-docker-app-cicd/actions-runner/bin'
[2025-06-24 09:08:23Z INFO HostContext] Well known directory 'Root': '/Users/admin/Desktop/fullstack-docker-app-cicd/actions-runner'
[2025-06-24 09:08:23Z INFO ConfigurationStore] RootFolder: /Users/admin/Desktop/fullstack-docker-app-cicd/actions-runner
[2025-06-24 09:08:23Z INFO HostContext] Well known directory 'Bin': '/Users/admin/Desktop/fullstack-docker-app-cicd/actions-runner/bin'
[2025-06-24 09:08:23Z INFO HostContext] Well known directory 'Root': '/Users/admin/Desktop/fullstack-docker-app-cicd/actions-runner'
[2025-06-24 09:08:23Z INFO HostContext] Well known config file 'Runner': '/Users/admin/Desktop/fullstack-docker-app-cicd/actions-runner/.runner'
[2025-06-24 09:08:23Z INFO ConfigurationStore] ConfigFilePath: /Users/admin/Desktop/fullstack-docker-app-cicd/actions-runner/.runner
[2025-06-24 09:08:23Z INFO HostContext] Well known directory 'Bin': '/Users/admin/Desktop/fullstack-docker-app-cicd/actions-runner/bin'
[2025-06-24 09:08:23Z INFO HostContext] Well known directory 'Root': '/Users/admin/Desktop/fullstack-docker-app-cicd/actions-runner'
[2025-06-24 09:08:23Z INFO HostContext] Well known config file 'MigratedRunner': '/Users/admin/Desktop/fullstack-docker-app-cicd/actions-runner/.runner_migrated'
[2025-06-24 09:08:23Z INFO ConfigurationStore] MigratedConfigFilePath: /Users/admin/Desktop/fullstack-docker-app-cicd/actions-runner/.runner_migrated
[2025-06-24 09:08:23Z INFO HostContext] Well known directory 'Bin': '/Users/admin/Desktop/fullstack-docker-app-cicd/actions-runner/bin'
[2025-06-24 09:08:23Z INFO HostContext] Well known directory 'Root': '/Users/admin/Desktop/fullstack-docker-app-cicd/actions-runner'
[2025-06-24 09:08:23Z INFO HostContext] Well known config file 'Credentials': '/Users/admin/Desktop/fullstack-docker-app-cicd/actions-runner/.credentials'
[2025-06-24 09:08:23Z INFO ConfigurationStore] CredFilePath: /Users/admin/Desktop/fullstack-docker-app-cicd/actions-runner/.credentials
[2025-06-24 09:08:23Z INFO HostContext] Well known directory 'Bin': '/Users/admin/Desktop/fullstack-docker-app-cicd/actions-runner/bin'
[2025-06-24 09:08:23Z INFO HostContext] Well known directory 'Root': '/Users/admin/Desktop/fullstack-docker-app-cicd/actions-runner'
[2025-06-24 09:08:23Z INFO HostContext] Well known config file 'MigratedCredentials': '/Users/admin/Desktop/fullstack-docker-app-cicd/actions-runner/.credentials_migrated'
[2025-06-24 09:08:23Z INFO ConfigurationStore] MigratedCredFilePath: /Users/admin/Desktop/fullstack-docker-app-cicd/actions-runner/.credentials_migrated
[2025-06-24 09:08:23Z INFO HostContext] Well known directory 'Bin': '/Users/admin/Desktop/fullstack-docker-app-cicd/actions-runner/bin'
[2025-06-24 09:08:23Z INFO HostContext] Well known directory 'Root': '/Users/admin/Desktop/fullstack-docker-app-cicd/actions-runner'
[2025-06-24 09:08:23Z INFO HostContext] Well known config file 'Service': '/Users/admin/Desktop/fullstack-docker-app-cicd/actions-runner/.service'
[2025-06-24 09:08:23Z INFO ConfigurationStore] ServiceConfigFilePath: /Users/admin/Desktop/fullstack-docker-app-cicd/actions-runner/.service
[2025-06-24 09:08:23Z INFO CommandSettings] Flag 'help': 'False'
[2025-06-24 09:08:23Z INFO CommandSettings] Flag 'version': 'False'
[2025-06-24 09:08:23Z INFO CommandSettings] Flag 'commit': 'False'
[2025-06-24 09:08:23Z INFO CommandSettings] Flag 'check': 'False'
[2025-06-24 09:08:23Z INFO CommandSettings] Command 'configure': 'False'
[2025-06-24 09:08:23Z INFO CommandSettings] Command 'remove': 'False'
[2025-06-24 09:08:23Z INFO CommandSettings] Command 'warmup': 'False'
[2025-06-24 09:08:23Z INFO ConfigurationManager] LoadSettings
[2025-06-24 09:08:23Z INFO ConfigurationStore] IsConfigured()
[2025-06-24 09:08:23Z INFO ConfigurationStore] IsConfigured: True
[2025-06-24 09:08:23Z INFO ConfigurationManager] Is configured: True
[2025-06-24 09:08:23Z INFO ConfigurationStore] Read setting file: 413 chars
[2025-06-24 09:08:23Z INFO ConfigurationManager] Settings Loaded
[2025-06-24 09:08:23Z INFO ConfigurationStore] IsServiceConfigured()
[2025-06-24 09:08:23Z INFO ConfigurationStore] IsServiceConfigured: False
[2025-06-24 09:08:23Z INFO CommandSettings] Command 'run': 'True'
[2025-06-24 09:08:23Z INFO ConfigurationStore] IsConfigured()
[2025-06-24 09:08:23Z INFO ConfigurationStore] IsConfigured: True
[2025-06-24 09:08:23Z INFO ConfigurationManager] Is configured: True
[2025-06-24 09:08:23Z INFO Runner] Could not parse the argument value '' for StartupType. Defaulting to Manual
[2025-06-24 09:08:23Z INFO Runner] Set runner startup type - Manual
[2025-06-24 09:08:23Z INFO CommandSettings] Flag 'once': 'False'
[2025-06-24 09:08:23Z INFO CommandSettings] Flag 'once': 'False'
[2025-06-24 09:08:23Z INFO Runner] RunAsync
[2025-06-24 09:08:23Z INFO ConfigurationManager] LoadMigratedSettings
[2025-06-24 09:08:23Z INFO ConfigurationStore] IsMigratedConfigured()
[2025-06-24 09:08:23Z INFO ConfigurationStore] IsMigratedConfigured: False
[2025-06-24 09:08:23Z INFO Runner] Failed to load migrated settings: No migrated configuration found.
[2025-06-24 09:08:23Z INFO Runner] Falling back to original .runner settings
[2025-06-24 09:08:23Z INFO Runner] Using BrokerMessageListener
[2025-06-24 09:08:23Z INFO BrokerMessageListener] Using provided settings
[2025-06-24 09:08:23Z INFO BrokerMessageListener] {
  "AgentId": 2,
  "AgentName": "fullstack-docker-app-demo",
  "PoolId": 1,
  "PoolName": "Default",
  "ServerUrl": "https://pipelinesghubeus9.actions.githubusercontent.com/WamZnOYs2nHeAEXTjsrMD5Uf4629M6CFE6SvlmGWurcNE0O6wf/",
  "GitHubUrl": "https://github.com/hieulnt-aiot/fullstack-docker-ci-cd",
  "WorkFolder": "_work",
  "UseV2Flow": true,
  "ServerUrlV2": "https://broker.actions.githubusercontent.com/"
}
[2025-06-24 09:08:23Z INFO BrokerMessageListener] Loading Credentials
[2025-06-24 09:08:23Z INFO ConfigurationStore] HasCredentials()
[2025-06-24 09:08:23Z INFO ConfigurationStore] stored True
[2025-06-24 09:08:23Z INFO CredentialManager] GetCredentialProvider
[2025-06-24 09:08:23Z INFO CredentialManager] Creating type OAuth
[2025-06-24 09:08:23Z INFO CredentialManager] Creating credential type: OAuth
[2025-06-24 09:08:23Z INFO HostContext] Well known directory 'Bin': '/Users/admin/Desktop/fullstack-docker-app-cicd/actions-runner/bin'
[2025-06-24 09:08:23Z INFO HostContext] Well known directory 'Root': '/Users/admin/Desktop/fullstack-docker-app-cicd/actions-runner'
[2025-06-24 09:08:23Z INFO HostContext] Well known config file 'RSACredentials': '/Users/admin/Desktop/fullstack-docker-app-cicd/actions-runner/.credentials_rsaparams'
[2025-06-24 09:08:23Z INFO RSAFileKeyManager] Loading RSA key parameters from file /Users/admin/Desktop/fullstack-docker-app-cicd/actions-runner/.credentials_rsaparams
[2025-06-24 09:08:23Z INFO BrokerMessageListener] Attempt to create session.
[2025-06-24 09:08:23Z INFO BrokerMessageListener] Connecting to the Broker Server...
[2025-06-24 09:08:23Z INFO ConfigurationStore] HasCredentials()
[2025-06-24 09:08:23Z INFO ConfigurationStore] stored True
[2025-06-24 09:08:23Z INFO CredentialManager] GetCredentialProvider
[2025-06-24 09:08:23Z INFO CredentialManager] Creating type OAuth
[2025-06-24 09:08:23Z INFO CredentialManager] Creating credential type: OAuth
[2025-06-24 09:08:23Z INFO RSAFileKeyManager] Loading RSA key parameters from file /Users/admin/Desktop/fullstack-docker-app-cicd/actions-runner/.credentials_rsaparams
[2025-06-24 09:08:23Z INFO BrokerMessageListener] VssConnection created
[2025-06-24 09:08:23Z INFO BrokerMessageListener] Connecting to the Runner server...
[2025-06-24 09:08:23Z INFO RunnerServer] EstablishVssConnection
[2025-06-24 09:08:23Z INFO RunnerServer] Establish connection with 100 seconds timeout.
[2025-06-24 09:08:23Z INFO GitHubActionsService] Starting operation Location.GetConnectionData
[2025-06-24 09:08:23Z INFO RunnerServer] EstablishVssConnection
[2025-06-24 09:08:23Z INFO RunnerServer] Establish connection with 60 seconds timeout.
[2025-06-24 09:08:24Z INFO GitHubActionsService] Starting operation Location.GetConnectionData
[2025-06-24 09:08:24Z INFO RunnerServer] EstablishVssConnection
[2025-06-24 09:08:24Z INFO RunnerServer] Establish connection with 60 seconds timeout.
[2025-06-24 09:08:24Z INFO GitHubActionsService] Starting operation Location.GetConnectionData
[2025-06-24 09:08:25Z INFO GitHubActionsService] Finished operation Location.GetConnectionData
[2025-06-24 09:08:25Z INFO GitHubActionsService] Finished operation Location.GetConnectionData
[2025-06-24 09:08:25Z INFO GitHubActionsService] Finished operation Location.GetConnectionData
[2025-06-24 09:08:25Z INFO BrokerMessageListener] VssConnection created
[2025-06-24 09:08:25Z INFO Terminal] WRITE LINE: 
[2025-06-24 09:08:25Z INFO Terminal] WRITE LINE: 
[2025-06-24 09:08:25Z INFO RSAFileKeyManager] Loading RSA key parameters from file /Users/admin/Desktop/fullstack-docker-app-cicd/actions-runner/.credentials_rsaparams
[2025-06-24 09:08:25Z INFO RSAFileKeyManager] Loading RSA key parameters from file /Users/admin/Desktop/fullstack-docker-app-cicd/actions-runner/.credentials_rsaparams
[2025-06-24 09:08:26Z INFO GitHubActionsService] AAD Correlation ID for this token request: Unknown
[2025-06-24 09:08:28Z INFO BrokerMessageListener] Session created.
[2025-06-24 09:08:28Z INFO Terminal] WRITE LINE: Current runner version: '2.325.0'
[2025-06-24 09:08:28Z INFO Terminal] WRITE LINE: 2025-06-24 09:08:28Z: Listening for Jobs
[2025-06-24 09:08:28Z INFO JobDispatcher] Set runner/worker IPC timeout to 30 seconds.
[2025-06-24 09:08:29Z INFO ConfigurationStore] HasCredentials()
[2025-06-24 09:08:29Z INFO ConfigurationStore] stored True
[2025-06-24 09:08:29Z INFO CredentialManager] GetCredentialProvider
[2025-06-24 09:08:29Z INFO CredentialManager] Creating type OAuth
[2025-06-24 09:08:29Z INFO CredentialManager] Creating credential type: OAuth
[2025-06-24 09:08:29Z INFO RSAFileKeyManager] Loading RSA key parameters from file /Users/admin/Desktop/fullstack-docker-app-cicd/actions-runner/.credentials_rsaparams
[2025-06-24 09:08:29Z INFO RSAFileKeyManager] Loading RSA key parameters from file /Users/admin/Desktop/fullstack-docker-app-cicd/actions-runner/.credentials_rsaparams
[2025-06-24 09:08:29Z INFO RSAFileKeyManager] Loading RSA key parameters from file /Users/admin/Desktop/fullstack-docker-app-cicd/actions-runner/.credentials_rsaparams
[2025-06-24 09:08:30Z INFO GitHubActionsService] AAD Correlation ID for this token request: Unknown
[2025-06-24 09:08:32Z INFO JobDispatcher] Job request 0 for plan 406d9c68-62be-4ff2-8076-6ba2178490c1 job 4f675eb0-b0a3-596e-b47d-d58cbad1535e received.
[2025-06-24 09:08:32Z INFO BrokerMessageListener] Received job status event. JobState: Busy
[2025-06-24 09:08:32Z INFO BrokerMessageListener] _getMessagesTokenSource is already disposed.
[2025-06-24 09:08:32Z INFO Terminal] WRITE LINE: 2025-06-24 09:08:32Z: Running job: deploy
[2025-06-24 09:08:32Z INFO JobDispatcher] Start renew job request 0 for job 4f675eb0-b0a3-596e-b47d-d58cbad1535e.
[2025-06-24 09:08:33Z INFO JobDispatcher] Successfully renew job 4f675eb0-b0a3-596e-b47d-d58cbad1535e, job is valid till 6/24/2025 9:18:33 AM
[2025-06-24 09:08:33Z INFO HostContext] Well known directory 'Bin': '/Users/admin/Desktop/fullstack-docker-app-cicd/actions-runner/bin'
[2025-06-24 09:08:33Z INFO ProcessInvokerWrapper] Starting process:
[2025-06-24 09:08:33Z INFO ProcessInvokerWrapper]   File name: '/Users/admin/Desktop/fullstack-docker-app-cicd/actions-runner/bin/Runner.Worker'
[2025-06-24 09:08:33Z INFO ProcessInvokerWrapper]   Arguments: 'spawnclient 150 153'
[2025-06-24 09:08:33Z INFO ProcessInvokerWrapper]   Working directory: '/Users/admin/Desktop/fullstack-docker-app-cicd/actions-runner/bin'
[2025-06-24 09:08:33Z INFO ProcessInvokerWrapper]   Require exit code zero: 'False'
[2025-06-24 09:08:33Z INFO ProcessInvokerWrapper]   Encoding web name:  ; code page: ''
[2025-06-24 09:08:33Z INFO ProcessInvokerWrapper]   Force kill process on cancellation: 'True'
[2025-06-24 09:08:33Z INFO ProcessInvokerWrapper]   Redirected STDIN: 'False'
[2025-06-24 09:08:33Z INFO ProcessInvokerWrapper]   Persist current code page: 'False'
[2025-06-24 09:08:33Z INFO ProcessInvokerWrapper]   Keep redirected STDIN open: 'False'
[2025-06-24 09:08:33Z INFO ProcessInvokerWrapper]   High priority process: 'True'
[2025-06-24 09:08:33Z INFO ProcessInvokerWrapper] Process started with process id 62976, waiting for process exit.
[2025-06-24 09:08:33Z INFO JobDispatcher] Send job request message to worker for job 4f675eb0-b0a3-596e-b47d-d58cbad1535e.
[2025-06-24 09:08:33Z INFO ProcessChannel] Sending message of length 23182, with hash 'd40f3ed1c53e8471cbefa31d00a30f0cf4dfae5b9555deb6ed06fbd1fcd9764e'
[2025-06-24 09:08:33Z INFO JobNotification] Entering JobStarted Notification
[2025-06-24 09:08:33Z INFO JobNotification] Entering StartMonitor
[2025-06-24 09:09:01Z INFO ProcessInvokerWrapper] STDOUT/STDERR stream read finished.
[2025-06-24 09:09:01Z INFO ProcessInvokerWrapper] STDOUT/STDERR stream read finished.
[2025-06-24 09:09:01Z INFO ProcessInvokerWrapper] Finished process 62976 with exit code 102, and elapsed time 00:00:27.6543227.
[2025-06-24 09:09:01Z INFO JobDispatcher] Worker finished for job 4f675eb0-b0a3-596e-b47d-d58cbad1535e. Code: 102
[2025-06-24 09:09:01Z INFO JobDispatcher] finish job request for job 4f675eb0-b0a3-596e-b47d-d58cbad1535e with result: Failed
[2025-06-24 09:09:01Z INFO Terminal] WRITE LINE: 2025-06-24 09:09:01Z: Job deploy completed with result: Failed
[2025-06-24 09:09:01Z INFO JobDispatcher] Stop renew job request for job 4f675eb0-b0a3-596e-b47d-d58cbad1535e.
[2025-06-24 09:09:01Z INFO JobDispatcher] job renew has been cancelled, stop renew job 4f675eb0-b0a3-596e-b47d-d58cbad1535e.
[2025-06-24 09:09:01Z INFO JobNotification] Entering JobCompleted Notification
[2025-06-24 09:09:01Z INFO JobNotification] Entering EndMonitor
[2025-06-24 09:09:01Z INFO BrokerMessageListener] Received job status event. JobState: Online
[2025-06-24 09:09:01Z WARN GitHubActionsService] GET request to https://broker.actions.githubusercontent.com/message?sessionId=dc6f6ea1-92c5-4a8f-97fb-8fd33cb82011&status=Busy&runnerVersion=2.325.0&os=macOS&architecture=X64&disableUpdate=false has been cancelled.
[2025-06-24 09:09:01Z ERR  BrokerServer] Catch exception during request
[2025-06-24 09:09:02Z ERR  BrokerServer] System.Threading.Tasks.TaskCanceledException: The operation was canceled.
 ---> System.Threading.Tasks.TaskCanceledException: The operation was canceled.
 ---> System.IO.IOException: Unable to read data from the transport connection: Operation canceled.
 ---> System.Net.Sockets.SocketException (89): Operation canceled
   --- End of inner exception stack trace ---
   at System.Net.Sockets.Socket.AwaitableSocketAsyncEventArgs.ThrowException(SocketError error, CancellationToken cancellationToken)
   at System.Net.Sockets.Socket.AwaitableSocketAsyncEventArgs.System.Threading.Tasks.Sources.IValueTaskSource<System.Int32>.GetResult(Int16 token)
   at System.Net.Security.SslStream.EnsureFullTlsFrameAsync[TIOAdapter](CancellationToken cancellationToken, Int32 estimatedSize)
   at System.Runtime.CompilerServices.PoolingAsyncValueTaskMethodBuilder`1.StateMachineBox`1.System.Threading.Tasks.Sources.IValueTaskSource<TResult>.GetResult(Int16 token)
   at System.Net.Security.SslStream.ReadAsyncInternal[TIOAdapter](Memory`1 buffer, CancellationToken cancellationToken)
   at System.Runtime.CompilerServices.PoolingAsyncValueTaskMethodBuilder`1.StateMachineBox`1.System.Threading.Tasks.Sources.IValueTaskSource<TResult>.GetResult(Int16 token)
   at System.Net.Http.HttpConnection.SendAsync(HttpRequestMessage request, Boolean async, CancellationToken cancellationToken)
   --- End of inner exception stack trace ---
   at System.Net.Http.HttpConnection.SendAsync(HttpRequestMessage request, Boolean async, CancellationToken cancellationToken)
   at System.Net.Http.AuthenticationHelper.SendWithNtAuthAsync(HttpRequestMessage request, Uri authUri, Boolean async, ICredentials credentials, Boolean isProxyAuth, HttpConnection connection, HttpConnectionPool connectionPool, CancellationToken cancellationToken)
   at System.Net.Http.HttpConnectionPool.SendWithVersionDetectionAndRetryAsync(HttpRequestMessage request, Boolean async, Boolean doRequestAuth, CancellationToken cancellationToken)
   at System.Net.Http.AuthenticationHelper.SendWithAuthAsync(HttpRequestMessage request, Uri authUri, Boolean async, ICredentials credentials, Boolean preAuthenticate, Boolean isProxyAuth, Boolean doRequestAuth, HttpConnectionPool pool, CancellationToken cancellationToken)
   at System.Net.Http.RedirectHandler.SendAsync(HttpRequestMessage request, Boolean async, CancellationToken cancellationToken)
   at GitHub.Services.Common.RawHttpMessageHandler.SendAsync(HttpRequestMessage request, CancellationToken cancellationToken)
   at GitHub.Services.Common.VssHttpRetryMessageHandler.SendAsync(HttpRequestMessage request, CancellationToken cancellationToken)
   at System.Net.Http.HttpClient.<SendAsync>g__Core|83_0(HttpRequestMessage request, HttpCompletionOption completionOption, CancellationTokenSource cts, Boolean disposeCts, CancellationTokenSource pendingRequestsCts, CancellationToken originalCancellationToken)
   --- End of inner exception stack trace ---
   at System.Net.Http.HttpClient.HandleFailure(Exception e, Boolean telemetryStarted, HttpResponseMessage response, CancellationTokenSource cts, CancellationToken cancellationToken, CancellationTokenSource pendingRequestsCts)
   at System.Net.Http.HttpClient.<SendAsync>g__Core|83_0(HttpRequestMessage request, HttpCompletionOption completionOption, CancellationTokenSource cts, Boolean disposeCts, CancellationTokenSource pendingRequestsCts, CancellationToken originalCancellationToken)
   at Sdk.WebApi.WebApi.RawHttpClientBase.SendAsync(HttpRequestMessage message, HttpCompletionOption completionOption, Object userState, CancellationToken cancellationToken)
   at Sdk.WebApi.WebApi.RawHttpClientBase.SendAsync[T](HttpRequestMessage message, Boolean readErrorBody, Object userState, CancellationToken cancellationToken)
   at Sdk.WebApi.WebApi.RawHttpClientBase.SendAsync[T](HttpMethod method, IEnumerable`1 additionalHeaders, Uri requestUri, HttpContent content, IEnumerable`1 queryParameters, Boolean readErrorBody, Object userState, CancellationToken cancellationToken)
   at GitHub.Actions.RunService.WebApi.BrokerHttpClient.GetRunnerMessageAsync(Nullable`1 sessionId, String runnerVersion, Nullable`1 status, String os, String architecture, Nullable`1 disableUpdate, CancellationToken cancellationToken)
   at GitHub.Runner.Common.BrokerServer.<>c__DisplayClass7_0.<<GetRunnerMessageAsync>b__0>d.MoveNext()
--- End of stack trace from previous location ---
   at GitHub.Runner.Common.RunnerService.RetryRequest[T](Func`1 func, CancellationToken cancellationToken, Int32 maxRetryAttemptsCount, Func`2 shouldRetry)
[2025-06-24 09:09:02Z ERR  BrokerServer] #####################################################
[2025-06-24 09:09:02Z ERR  BrokerServer] System.Threading.Tasks.TaskCanceledException: The operation was canceled.
 ---> System.IO.IOException: Unable to read data from the transport connection: Operation canceled.
 ---> System.Net.Sockets.SocketException (89): Operation canceled
   --- End of inner exception stack trace ---
   at System.Net.Sockets.Socket.AwaitableSocketAsyncEventArgs.ThrowException(SocketError error, CancellationToken cancellationToken)
   at System.Net.Sockets.Socket.AwaitableSocketAsyncEventArgs.System.Threading.Tasks.Sources.IValueTaskSource<System.Int32>.GetResult(Int16 token)
   at System.Net.Security.SslStream.EnsureFullTlsFrameAsync[TIOAdapter](CancellationToken cancellationToken, Int32 estimatedSize)
   at System.Runtime.CompilerServices.PoolingAsyncValueTaskMethodBuilder`1.StateMachineBox`1.System.Threading.Tasks.Sources.IValueTaskSource<TResult>.GetResult(Int16 token)
   at System.Net.Security.SslStream.ReadAsyncInternal[TIOAdapter](Memory`1 buffer, CancellationToken cancellationToken)
   at System.Runtime.CompilerServices.PoolingAsyncValueTaskMethodBuilder`1.StateMachineBox`1.System.Threading.Tasks.Sources.IValueTaskSource<TResult>.GetResult(Int16 token)
   at System.Net.Http.HttpConnection.SendAsync(HttpRequestMessage request, Boolean async, CancellationToken cancellationToken)
   --- End of inner exception stack trace ---
   at System.Net.Http.HttpConnection.SendAsync(HttpRequestMessage request, Boolean async, CancellationToken cancellationToken)
   at System.Net.Http.AuthenticationHelper.SendWithNtAuthAsync(HttpRequestMessage request, Uri authUri, Boolean async, ICredentials credentials, Boolean isProxyAuth, HttpConnection connection, HttpConnectionPool connectionPool, CancellationToken cancellationToken)
   at System.Net.Http.HttpConnectionPool.SendWithVersionDetectionAndRetryAsync(HttpRequestMessage request, Boolean async, Boolean doRequestAuth, CancellationToken cancellationToken)
   at System.Net.Http.AuthenticationHelper.SendWithAuthAsync(HttpRequestMessage request, Uri authUri, Boolean async, ICredentials credentials, Boolean preAuthenticate, Boolean isProxyAuth, Boolean doRequestAuth, HttpConnectionPool pool, CancellationToken cancellationToken)
   at System.Net.Http.RedirectHandler.SendAsync(HttpRequestMessage request, Boolean async, CancellationToken cancellationToken)
   at GitHub.Services.Common.RawHttpMessageHandler.SendAsync(HttpRequestMessage request, CancellationToken cancellationToken)
   at GitHub.Services.Common.VssHttpRetryMessageHandler.SendAsync(HttpRequestMessage request, CancellationToken cancellationToken)
   at System.Net.Http.HttpClient.<SendAsync>g__Core|83_0(HttpRequestMessage request, HttpCompletionOption completionOption, CancellationTokenSource cts, Boolean disposeCts, CancellationTokenSource pendingRequestsCts, CancellationToken originalCancellationToken)
[2025-06-24 09:09:02Z ERR  BrokerServer] #####################################################
[2025-06-24 09:09:02Z ERR  BrokerServer] System.IO.IOException: Unable to read data from the transport connection: Operation canceled.
 ---> System.Net.Sockets.SocketException (89): Operation canceled
   --- End of inner exception stack trace ---
   at System.Net.Sockets.Socket.AwaitableSocketAsyncEventArgs.ThrowException(SocketError error, CancellationToken cancellationToken)
   at System.Net.Sockets.Socket.AwaitableSocketAsyncEventArgs.System.Threading.Tasks.Sources.IValueTaskSource<System.Int32>.GetResult(Int16 token)
   at System.Net.Security.SslStream.EnsureFullTlsFrameAsync[TIOAdapter](CancellationToken cancellationToken, Int32 estimatedSize)
   at System.Runtime.CompilerServices.PoolingAsyncValueTaskMethodBuilder`1.StateMachineBox`1.System.Threading.Tasks.Sources.IValueTaskSource<TResult>.GetResult(Int16 token)
   at System.Net.Security.SslStream.ReadAsyncInternal[TIOAdapter](Memory`1 buffer, CancellationToken cancellationToken)
   at System.Runtime.CompilerServices.PoolingAsyncValueTaskMethodBuilder`1.StateMachineBox`1.System.Threading.Tasks.Sources.IValueTaskSource<TResult>.GetResult(Int16 token)
   at System.Net.Http.HttpConnection.SendAsync(HttpRequestMessage request, Boolean async, CancellationToken cancellationToken)
[2025-06-24 09:09:02Z ERR  BrokerServer] #####################################################
[2025-06-24 09:09:02Z ERR  BrokerServer] System.Net.Sockets.SocketException (89): Operation canceled
[2025-06-24 09:09:02Z WARN BrokerServer] Back off 13.317 seconds before next retry. 4 attempt left.
[2025-06-24 09:09:02Z INFO BrokerMessageListener] Get messages has been cancelled using local token source. Continue to get messages with new status.
[2025-06-24 09:12:22Z INFO ConfigurationStore] HasCredentials()
[2025-06-24 09:12:22Z INFO ConfigurationStore] stored True
[2025-06-24 09:12:22Z INFO CredentialManager] GetCredentialProvider
[2025-06-24 09:12:22Z INFO CredentialManager] Creating type OAuth
[2025-06-24 09:12:22Z INFO CredentialManager] Creating credential type: OAuth
[2025-06-24 09:12:22Z INFO RSAFileKeyManager] Loading RSA key parameters from file /Users/admin/Desktop/fullstack-docker-app-cicd/actions-runner/.credentials_rsaparams
[2025-06-24 09:12:22Z INFO RSAFileKeyManager] Loading RSA key parameters from file /Users/admin/Desktop/fullstack-docker-app-cicd/actions-runner/.credentials_rsaparams
[2025-06-24 09:12:22Z INFO RSAFileKeyManager] Loading RSA key parameters from file /Users/admin/Desktop/fullstack-docker-app-cicd/actions-runner/.credentials_rsaparams
[2025-06-24 09:12:23Z INFO GitHubActionsService] AAD Correlation ID for this token request: Unknown
[2025-06-24 09:12:24Z INFO JobDispatcher] Job request 0 for plan d99e6538-e6a9-4bfd-819d-a2f14ed8bc6a job 78292ff9-65cb-5ce4-8df2-5d445cc6e799 received.
[2025-06-24 09:12:24Z INFO BrokerMessageListener] Received job status event. JobState: Busy
[2025-06-24 09:12:24Z INFO BrokerMessageListener] _getMessagesTokenSource is already disposed.
[2025-06-24 09:12:24Z INFO JobDispatcher] Job request 4f675eb0-b0a3-596e-b47d-d58cbad1535e processed succeed.
[2025-06-24 09:12:24Z INFO Terminal] WRITE LINE: 2025-06-24 09:12:24Z: Running job: deploy
[2025-06-24 09:12:24Z INFO JobDispatcher] Start renew job request 0 for job 78292ff9-65cb-5ce4-8df2-5d445cc6e799.
[2025-06-24 09:12:26Z INFO JobDispatcher] Successfully renew job 78292ff9-65cb-5ce4-8df2-5d445cc6e799, job is valid till 6/24/2025 9:22:25 AM
[2025-06-24 09:12:26Z INFO HostContext] Well known directory 'Bin': '/Users/admin/Desktop/fullstack-docker-app-cicd/actions-runner/bin'
[2025-06-24 09:12:26Z INFO ProcessInvokerWrapper] Starting process:
[2025-06-24 09:12:26Z INFO ProcessInvokerWrapper]   File name: '/Users/admin/Desktop/fullstack-docker-app-cicd/actions-runner/bin/Runner.Worker'
[2025-06-24 09:12:26Z INFO ProcessInvokerWrapper]   Arguments: 'spawnclient 145 158'
[2025-06-24 09:12:26Z INFO ProcessInvokerWrapper]   Working directory: '/Users/admin/Desktop/fullstack-docker-app-cicd/actions-runner/bin'
[2025-06-24 09:12:26Z INFO ProcessInvokerWrapper]   Require exit code zero: 'False'
[2025-06-24 09:12:26Z INFO ProcessInvokerWrapper]   Encoding web name:  ; code page: ''
[2025-06-24 09:12:26Z INFO ProcessInvokerWrapper]   Force kill process on cancellation: 'True'
[2025-06-24 09:12:26Z INFO ProcessInvokerWrapper]   Redirected STDIN: 'False'
[2025-06-24 09:12:26Z INFO ProcessInvokerWrapper]   Persist current code page: 'False'
[2025-06-24 09:12:26Z INFO ProcessInvokerWrapper]   Keep redirected STDIN open: 'False'
[2025-06-24 09:12:26Z INFO ProcessInvokerWrapper]   High priority process: 'True'
[2025-06-24 09:12:26Z INFO ProcessInvokerWrapper] Process started with process id 66237, waiting for process exit.
[2025-06-24 09:12:26Z INFO JobDispatcher] Send job request message to worker for job 78292ff9-65cb-5ce4-8df2-5d445cc6e799.
[2025-06-24 09:12:26Z INFO ProcessChannel] Sending message of length 23183, with hash '704727654d8f0aa5d6272565b13064394213b5991a5a4bc2aa0bd17c17363395'
[2025-06-24 09:12:26Z INFO JobNotification] Entering JobStarted Notification
[2025-06-24 09:12:26Z INFO JobNotification] Entering StartMonitor
[2025-06-24 09:12:39Z INFO ProcessInvokerWrapper] STDOUT/STDERR stream read finished.
[2025-06-24 09:12:39Z INFO ProcessInvokerWrapper] STDOUT/STDERR stream read finished.
[2025-06-24 09:12:39Z INFO ProcessInvokerWrapper] Finished process 66237 with exit code 102, and elapsed time 00:00:13.9657763.
[2025-06-24 09:12:39Z INFO JobDispatcher] Worker finished for job 78292ff9-65cb-5ce4-8df2-5d445cc6e799. Code: 102
[2025-06-24 09:12:39Z INFO JobDispatcher] finish job request for job 78292ff9-65cb-5ce4-8df2-5d445cc6e799 with result: Failed
[2025-06-24 09:12:39Z INFO Terminal] WRITE LINE: 2025-06-24 09:12:39Z: Job deploy completed with result: Failed
[2025-06-24 09:12:39Z INFO JobDispatcher] Stop renew job request for job 78292ff9-65cb-5ce4-8df2-5d445cc6e799.
[2025-06-24 09:12:39Z INFO JobDispatcher] job renew has been cancelled, stop renew job 78292ff9-65cb-5ce4-8df2-5d445cc6e799.
[2025-06-24 09:12:39Z INFO JobNotification] Entering JobCompleted Notification
[2025-06-24 09:12:39Z INFO JobNotification] Entering EndMonitor
[2025-06-24 09:12:39Z INFO BrokerMessageListener] Received job status event. JobState: Online
[2025-06-24 09:12:39Z WARN GitHubActionsService] GET request to https://broker.actions.githubusercontent.com/message?sessionId=dc6f6ea1-92c5-4a8f-97fb-8fd33cb82011&status=Busy&runnerVersion=2.325.0&os=macOS&architecture=X64&disableUpdate=false has been cancelled.
[2025-06-24 09:12:39Z ERR  BrokerServer] Catch exception during request
[2025-06-24 09:12:39Z ERR  BrokerServer] System.Threading.Tasks.TaskCanceledException: The operation was canceled.
 ---> System.Threading.Tasks.TaskCanceledException: The operation was canceled.
 ---> System.IO.IOException: Unable to read data from the transport connection: Operation canceled.
 ---> System.Net.Sockets.SocketException (89): Operation canceled
   --- End of inner exception stack trace ---
   at System.Net.Sockets.Socket.AwaitableSocketAsyncEventArgs.ThrowException(SocketError error, CancellationToken cancellationToken)
   at System.Net.Sockets.Socket.AwaitableSocketAsyncEventArgs.System.Threading.Tasks.Sources.IValueTaskSource<System.Int32>.GetResult(Int16 token)
   at System.Net.Security.SslStream.EnsureFullTlsFrameAsync[TIOAdapter](CancellationToken cancellationToken, Int32 estimatedSize)
   at System.Runtime.CompilerServices.PoolingAsyncValueTaskMethodBuilder`1.StateMachineBox`1.System.Threading.Tasks.Sources.IValueTaskSource<TResult>.GetResult(Int16 token)
   at System.Net.Security.SslStream.ReadAsyncInternal[TIOAdapter](Memory`1 buffer, CancellationToken cancellationToken)
   at System.Runtime.CompilerServices.PoolingAsyncValueTaskMethodBuilder`1.StateMachineBox`1.System.Threading.Tasks.Sources.IValueTaskSource<TResult>.GetResult(Int16 token)
   at System.Net.Http.HttpConnection.SendAsync(HttpRequestMessage request, Boolean async, CancellationToken cancellationToken)
   --- End of inner exception stack trace ---
   at System.Net.Http.HttpConnection.SendAsync(HttpRequestMessage request, Boolean async, CancellationToken cancellationToken)
   at System.Net.Http.AuthenticationHelper.SendWithNtAuthAsync(HttpRequestMessage request, Uri authUri, Boolean async, ICredentials credentials, Boolean isProxyAuth, HttpConnection connection, HttpConnectionPool connectionPool, CancellationToken cancellationToken)
   at System.Net.Http.HttpConnectionPool.SendWithVersionDetectionAndRetryAsync(HttpRequestMessage request, Boolean async, Boolean doRequestAuth, CancellationToken cancellationToken)
   at System.Net.Http.AuthenticationHelper.SendWithAuthAsync(HttpRequestMessage request, Uri authUri, Boolean async, ICredentials credentials, Boolean preAuthenticate, Boolean isProxyAuth, Boolean doRequestAuth, HttpConnectionPool pool, CancellationToken cancellationToken)
   at System.Net.Http.RedirectHandler.SendAsync(HttpRequestMessage request, Boolean async, CancellationToken cancellationToken)
   at GitHub.Services.Common.RawHttpMessageHandler.SendAsync(HttpRequestMessage request, CancellationToken cancellationToken)
   at GitHub.Services.Common.VssHttpRetryMessageHandler.SendAsync(HttpRequestMessage request, CancellationToken cancellationToken)
   at System.Net.Http.HttpClient.<SendAsync>g__Core|83_0(HttpRequestMessage request, HttpCompletionOption completionOption, CancellationTokenSource cts, Boolean disposeCts, CancellationTokenSource pendingRequestsCts, CancellationToken originalCancellationToken)
   --- End of inner exception stack trace ---
   at System.Net.Http.HttpClient.HandleFailure(Exception e, Boolean telemetryStarted, HttpResponseMessage response, CancellationTokenSource cts, CancellationToken cancellationToken, CancellationTokenSource pendingRequestsCts)
   at System.Net.Http.HttpClient.<SendAsync>g__Core|83_0(HttpRequestMessage request, HttpCompletionOption completionOption, CancellationTokenSource cts, Boolean disposeCts, CancellationTokenSource pendingRequestsCts, CancellationToken originalCancellationToken)
   at Sdk.WebApi.WebApi.RawHttpClientBase.SendAsync(HttpRequestMessage message, HttpCompletionOption completionOption, Object userState, CancellationToken cancellationToken)
   at Sdk.WebApi.WebApi.RawHttpClientBase.SendAsync[T](HttpRequestMessage message, Boolean readErrorBody, Object userState, CancellationToken cancellationToken)
   at Sdk.WebApi.WebApi.RawHttpClientBase.SendAsync[T](HttpMethod method, IEnumerable`1 additionalHeaders, Uri requestUri, HttpContent content, IEnumerable`1 queryParameters, Boolean readErrorBody, Object userState, CancellationToken cancellationToken)
   at GitHub.Actions.RunService.WebApi.BrokerHttpClient.GetRunnerMessageAsync(Nullable`1 sessionId, String runnerVersion, Nullable`1 status, String os, String architecture, Nullable`1 disableUpdate, CancellationToken cancellationToken)
   at GitHub.Runner.Common.BrokerServer.<>c__DisplayClass7_0.<<GetRunnerMessageAsync>b__0>d.MoveNext()
--- End of stack trace from previous location ---
   at GitHub.Runner.Common.RunnerService.RetryRequest[T](Func`1 func, CancellationToken cancellationToken, Int32 maxRetryAttemptsCount, Func`2 shouldRetry)
[2025-06-24 09:12:39Z ERR  BrokerServer] #####################################################
[2025-06-24 09:12:39Z ERR  BrokerServer] System.Threading.Tasks.TaskCanceledException: The operation was canceled.
 ---> System.IO.IOException: Unable to read data from the transport connection: Operation canceled.
 ---> System.Net.Sockets.SocketException (89): Operation canceled
   --- End of inner exception stack trace ---
   at System.Net.Sockets.Socket.AwaitableSocketAsyncEventArgs.ThrowException(SocketError error, CancellationToken cancellationToken)
   at System.Net.Sockets.Socket.AwaitableSocketAsyncEventArgs.System.Threading.Tasks.Sources.IValueTaskSource<System.Int32>.GetResult(Int16 token)
   at System.Net.Security.SslStream.EnsureFullTlsFrameAsync[TIOAdapter](CancellationToken cancellationToken, Int32 estimatedSize)
   at System.Runtime.CompilerServices.PoolingAsyncValueTaskMethodBuilder`1.StateMachineBox`1.System.Threading.Tasks.Sources.IValueTaskSource<TResult>.GetResult(Int16 token)
   at System.Net.Security.SslStream.ReadAsyncInternal[TIOAdapter](Memory`1 buffer, CancellationToken cancellationToken)
   at System.Runtime.CompilerServices.PoolingAsyncValueTaskMethodBuilder`1.StateMachineBox`1.System.Threading.Tasks.Sources.IValueTaskSource<TResult>.GetResult(Int16 token)
   at System.Net.Http.HttpConnection.SendAsync(HttpRequestMessage request, Boolean async, CancellationToken cancellationToken)
   --- End of inner exception stack trace ---
   at System.Net.Http.HttpConnection.SendAsync(HttpRequestMessage request, Boolean async, CancellationToken cancellationToken)
   at System.Net.Http.AuthenticationHelper.SendWithNtAuthAsync(HttpRequestMessage request, Uri authUri, Boolean async, ICredentials credentials, Boolean isProxyAuth, HttpConnection connection, HttpConnectionPool connectionPool, CancellationToken cancellationToken)
   at System.Net.Http.HttpConnectionPool.SendWithVersionDetectionAndRetryAsync(HttpRequestMessage request, Boolean async, Boolean doRequestAuth, CancellationToken cancellationToken)
   at System.Net.Http.AuthenticationHelper.SendWithAuthAsync(HttpRequestMessage request, Uri authUri, Boolean async, ICredentials credentials, Boolean preAuthenticate, Boolean isProxyAuth, Boolean doRequestAuth, HttpConnectionPool pool, CancellationToken cancellationToken)
   at System.Net.Http.RedirectHandler.SendAsync(HttpRequestMessage request, Boolean async, CancellationToken cancellationToken)
   at GitHub.Services.Common.RawHttpMessageHandler.SendAsync(HttpRequestMessage request, CancellationToken cancellationToken)
   at GitHub.Services.Common.VssHttpRetryMessageHandler.SendAsync(HttpRequestMessage request, CancellationToken cancellationToken)
   at System.Net.Http.HttpClient.<SendAsync>g__Core|83_0(HttpRequestMessage request, HttpCompletionOption completionOption, CancellationTokenSource cts, Boolean disposeCts, CancellationTokenSource pendingRequestsCts, CancellationToken originalCancellationToken)
[2025-06-24 09:12:39Z ERR  BrokerServer] #####################################################
[2025-06-24 09:12:39Z ERR  BrokerServer] System.IO.IOException: Unable to read data from the transport connection: Operation canceled.
 ---> System.Net.Sockets.SocketException (89): Operation canceled
   --- End of inner exception stack trace ---
   at System.Net.Sockets.Socket.AwaitableSocketAsyncEventArgs.ThrowException(SocketError error, CancellationToken cancellationToken)
   at System.Net.Sockets.Socket.AwaitableSocketAsyncEventArgs.System.Threading.Tasks.Sources.IValueTaskSource<System.Int32>.GetResult(Int16 token)
   at System.Net.Security.SslStream.EnsureFullTlsFrameAsync[TIOAdapter](CancellationToken cancellationToken, Int32 estimatedSize)
   at System.Runtime.CompilerServices.PoolingAsyncValueTaskMethodBuilder`1.StateMachineBox`1.System.Threading.Tasks.Sources.IValueTaskSource<TResult>.GetResult(Int16 token)
   at System.Net.Security.SslStream.ReadAsyncInternal[TIOAdapter](Memory`1 buffer, CancellationToken cancellationToken)
   at System.Runtime.CompilerServices.PoolingAsyncValueTaskMethodBuilder`1.StateMachineBox`1.System.Threading.Tasks.Sources.IValueTaskSource<TResult>.GetResult(Int16 token)
   at System.Net.Http.HttpConnection.SendAsync(HttpRequestMessage request, Boolean async, CancellationToken cancellationToken)
[2025-06-24 09:12:39Z ERR  BrokerServer] #####################################################
[2025-06-24 09:12:39Z ERR  BrokerServer] System.Net.Sockets.SocketException (89): Operation canceled
[2025-06-24 09:12:39Z WARN BrokerServer] Back off 5.502 seconds before next retry. 4 attempt left.
[2025-06-24 09:12:39Z INFO BrokerMessageListener] Get messages has been cancelled using local token source. Continue to get messages with new status.
[2025-06-24 09:15:58Z INFO Terminal] WRITE LINE: Exiting...
[2025-06-24 09:15:58Z INFO ConfigurationStore] IsServiceConfigured()
[2025-06-24 09:15:58Z INFO ConfigurationStore] IsServiceConfigured: False
[2025-06-24 09:15:58Z INFO HostContext] Runner will be shutdown for UserCancelled
[2025-06-24 09:15:58Z WARN GitHubActionsService] GET request to https://broker.actions.githubusercontent.com/message?sessionId=dc6f6ea1-92c5-4a8f-97fb-8fd33cb82011&status=Online&runnerVersion=2.325.0&os=macOS&architecture=X64&disableUpdate=false has been cancelled.
[2025-06-24 09:15:58Z ERR  BrokerServer] Catch exception during request
[2025-06-24 09:15:58Z ERR  BrokerServer] System.Threading.Tasks.TaskCanceledException: The operation was canceled.
 ---> System.Threading.Tasks.TaskCanceledException: The operation was canceled.
 ---> System.IO.IOException: The read operation failed, see inner exception.
 ---> System.ObjectDisposedException: Cannot access a disposed object.
Object name: 'System.Net.Sockets.NetworkStream'.
   at System.Net.Sockets.NetworkStream.ReadAsync(Memory`1 buffer, CancellationToken cancellationToken)
   at System.Net.Security.SslStream.EnsureFullTlsFrameAsync[TIOAdapter](CancellationToken cancellationToken, Int32 estimatedSize)
   at System.Runtime.CompilerServices.PoolingAsyncValueTaskMethodBuilder`1.StateMachineBox`1.System.Threading.Tasks.Sources.IValueTaskSource<TResult>.GetResult(Int16 token)
   at System.Net.Security.SslStream.ReadAsyncInternal[TIOAdapter](Memory`1 buffer, CancellationToken cancellationToken)
   --- End of inner exception stack trace ---
   at System.Net.Security.SslStream.ReadAsyncInternal[TIOAdapter](Memory`1 buffer, CancellationToken cancellationToken)
   at System.Runtime.CompilerServices.PoolingAsyncValueTaskMethodBuilder`1.StateMachineBox`1.System.Threading.Tasks.Sources.IValueTaskSource<TResult>.GetResult(Int16 token)
   at System.Net.Http.HttpConnection.SendAsync(HttpRequestMessage request, Boolean async, CancellationToken cancellationToken)
   --- End of inner exception stack trace ---
   at System.Net.Http.HttpConnection.SendAsync(HttpRequestMessage request, Boolean async, CancellationToken cancellationToken)
   at System.Net.Http.AuthenticationHelper.SendWithNtAuthAsync(HttpRequestMessage request, Uri authUri, Boolean async, ICredentials credentials, Boolean isProxyAuth, HttpConnection connection, HttpConnectionPool connectionPool, CancellationToken cancellationToken)
   at System.Net.Http.HttpConnectionPool.SendWithVersionDetectionAndRetryAsync(HttpRequestMessage request, Boolean async, Boolean doRequestAuth, CancellationToken cancellationToken)
   at System.Net.Http.AuthenticationHelper.SendWithAuthAsync(HttpRequestMessage request, Uri authUri, Boolean async, ICredentials credentials, Boolean preAuthenticate, Boolean isProxyAuth, Boolean doRequestAuth, HttpConnectionPool pool, CancellationToken cancellationToken)
   at System.Net.Http.RedirectHandler.SendAsync(HttpRequestMessage request, Boolean async, CancellationToken cancellationToken)
   at GitHub.Services.Common.RawHttpMessageHandler.SendAsync(HttpRequestMessage request, CancellationToken cancellationToken)
   at GitHub.Services.Common.VssHttpRetryMessageHandler.SendAsync(HttpRequestMessage request, CancellationToken cancellationToken)
   at System.Net.Http.HttpClient.<SendAsync>g__Core|83_0(HttpRequestMessage request, HttpCompletionOption completionOption, CancellationTokenSource cts, Boolean disposeCts, CancellationTokenSource pendingRequestsCts, CancellationToken originalCancellationToken)
   --- End of inner exception stack trace ---
   at System.Net.Http.HttpClient.HandleFailure(Exception e, Boolean telemetryStarted, HttpResponseMessage response, CancellationTokenSource cts, CancellationToken cancellationToken, CancellationTokenSource pendingRequestsCts)
   at System.Net.Http.HttpClient.<SendAsync>g__Core|83_0(HttpRequestMessage request, HttpCompletionOption completionOption, CancellationTokenSource cts, Boolean disposeCts, CancellationTokenSource pendingRequestsCts, CancellationToken originalCancellationToken)
   at Sdk.WebApi.WebApi.RawHttpClientBase.SendAsync(HttpRequestMessage message, HttpCompletionOption completionOption, Object userState, CancellationToken cancellationToken)
   at Sdk.WebApi.WebApi.RawHttpClientBase.SendAsync[T](HttpRequestMessage message, Boolean readErrorBody, Object userState, CancellationToken cancellationToken)
   at Sdk.WebApi.WebApi.RawHttpClientBase.SendAsync[T](HttpMethod method, IEnumerable`1 additionalHeaders, Uri requestUri, HttpContent content, IEnumerable`1 queryParameters, Boolean readErrorBody, Object userState, CancellationToken cancellationToken)
   at GitHub.Actions.RunService.WebApi.BrokerHttpClient.GetRunnerMessageAsync(Nullable`1 sessionId, String runnerVersion, Nullable`1 status, String os, String architecture, Nullable`1 disableUpdate, CancellationToken cancellationToken)
   at GitHub.Runner.Common.BrokerServer.<>c__DisplayClass7_0.<<GetRunnerMessageAsync>b__0>d.MoveNext()
--- End of stack trace from previous location ---
   at GitHub.Runner.Common.RunnerService.RetryRequest[T](Func`1 func, CancellationToken cancellationToken, Int32 maxRetryAttemptsCount, Func`2 shouldRetry)
[2025-06-24 09:15:58Z ERR  BrokerServer] #####################################################
[2025-06-24 09:15:58Z ERR  BrokerServer] System.Threading.Tasks.TaskCanceledException: The operation was canceled.
 ---> System.IO.IOException: The read operation failed, see inner exception.
 ---> System.ObjectDisposedException: Cannot access a disposed object.
Object name: 'System.Net.Sockets.NetworkStream'.
   at System.Net.Sockets.NetworkStream.ReadAsync(Memory`1 buffer, CancellationToken cancellationToken)
   at System.Net.Security.SslStream.EnsureFullTlsFrameAsync[TIOAdapter](CancellationToken cancellationToken, Int32 estimatedSize)
   at System.Runtime.CompilerServices.PoolingAsyncValueTaskMethodBuilder`1.StateMachineBox`1.System.Threading.Tasks.Sources.IValueTaskSource<TResult>.GetResult(Int16 token)
   at System.Net.Security.SslStream.ReadAsyncInternal[TIOAdapter](Memory`1 buffer, CancellationToken cancellationToken)
   --- End of inner exception stack trace ---
   at System.Net.Security.SslStream.ReadAsyncInternal[TIOAdapter](Memory`1 buffer, CancellationToken cancellationToken)
   at System.Runtime.CompilerServices.PoolingAsyncValueTaskMethodBuilder`1.StateMachineBox`1.System.Threading.Tasks.Sources.IValueTaskSource<TResult>.GetResult(Int16 token)
   at System.Net.Http.HttpConnection.SendAsync(HttpRequestMessage request, Boolean async, CancellationToken cancellationToken)
   --- End of inner exception stack trace ---
   at System.Net.Http.HttpConnection.SendAsync(HttpRequestMessage request, Boolean async, CancellationToken cancellationToken)
   at System.Net.Http.AuthenticationHelper.SendWithNtAuthAsync(HttpRequestMessage request, Uri authUri, Boolean async, ICredentials credentials, Boolean isProxyAuth, HttpConnection connection, HttpConnectionPool connectionPool, CancellationToken cancellationToken)
   at System.Net.Http.HttpConnectionPool.SendWithVersionDetectionAndRetryAsync(HttpRequestMessage request, Boolean async, Boolean doRequestAuth, CancellationToken cancellationToken)
   at System.Net.Http.AuthenticationHelper.SendWithAuthAsync(HttpRequestMessage request, Uri authUri, Boolean async, ICredentials credentials, Boolean preAuthenticate, Boolean isProxyAuth, Boolean doRequestAuth, HttpConnectionPool pool, CancellationToken cancellationToken)
   at System.Net.Http.RedirectHandler.SendAsync(HttpRequestMessage request, Boolean async, CancellationToken cancellationToken)
   at GitHub.Services.Common.RawHttpMessageHandler.SendAsync(HttpRequestMessage request, CancellationToken cancellationToken)
   at GitHub.Services.Common.VssHttpRetryMessageHandler.SendAsync(HttpRequestMessage request, CancellationToken cancellationToken)
   at System.Net.Http.HttpClient.<SendAsync>g__Core|83_0(HttpRequestMessage request, HttpCompletionOption completionOption, CancellationTokenSource cts, Boolean disposeCts, CancellationTokenSource pendingRequestsCts, CancellationToken originalCancellationToken)
[2025-06-24 09:15:58Z ERR  BrokerServer] #####################################################
[2025-06-24 09:15:58Z ERR  BrokerServer] System.IO.IOException: The read operation failed, see inner exception.
 ---> System.ObjectDisposedException: Cannot access a disposed object.
Object name: 'System.Net.Sockets.NetworkStream'.
   at System.Net.Sockets.NetworkStream.ReadAsync(Memory`1 buffer, CancellationToken cancellationToken)
   at System.Net.Security.SslStream.EnsureFullTlsFrameAsync[TIOAdapter](CancellationToken cancellationToken, Int32 estimatedSize)
   at System.Runtime.CompilerServices.PoolingAsyncValueTaskMethodBuilder`1.StateMachineBox`1.System.Threading.Tasks.Sources.IValueTaskSource<TResult>.GetResult(Int16 token)
   at System.Net.Security.SslStream.ReadAsyncInternal[TIOAdapter](Memory`1 buffer, CancellationToken cancellationToken)
   --- End of inner exception stack trace ---
   at System.Net.Security.SslStream.ReadAsyncInternal[TIOAdapter](Memory`1 buffer, CancellationToken cancellationToken)
   at System.Runtime.CompilerServices.PoolingAsyncValueTaskMethodBuilder`1.StateMachineBox`1.System.Threading.Tasks.Sources.IValueTaskSource<TResult>.GetResult(Int16 token)
   at System.Net.Http.HttpConnection.SendAsync(HttpRequestMessage request, Boolean async, CancellationToken cancellationToken)
[2025-06-24 09:15:58Z ERR  BrokerServer] #####################################################
[2025-06-24 09:15:58Z ERR  BrokerServer] System.ObjectDisposedException: Cannot access a disposed object.
Object name: 'System.Net.Sockets.NetworkStream'.
   at System.Net.Sockets.NetworkStream.ReadAsync(Memory`1 buffer, CancellationToken cancellationToken)
   at System.Net.Security.SslStream.EnsureFullTlsFrameAsync[TIOAdapter](CancellationToken cancellationToken, Int32 estimatedSize)
   at System.Runtime.CompilerServices.PoolingAsyncValueTaskMethodBuilder`1.StateMachineBox`1.System.Threading.Tasks.Sources.IValueTaskSource<TResult>.GetResult(Int16 token)
   at System.Net.Security.SslStream.ReadAsyncInternal[TIOAdapter](Memory`1 buffer, CancellationToken cancellationToken)
[2025-06-24 09:15:58Z WARN BrokerServer] Back off 11.154 seconds before next retry. 4 attempt left.
[2025-06-24 09:15:58Z INFO BrokerMessageListener] Get next message has been cancelled.
[2025-06-24 09:15:58Z INFO JobDispatcher] Shutting down JobDispatcher. Make sure all WorkerDispatcher has finished.
[2025-06-24 09:15:58Z INFO JobDispatcher] Ensure WorkerDispatcher for job 78292ff9-65cb-5ce4-8df2-5d445cc6e799 run to finish, cancel any running job.
[2025-06-24 09:15:58Z INFO JobDispatcher] Job request 78292ff9-65cb-5ce4-8df2-5d445cc6e799 processed succeed.
[2025-06-24 09:15:58Z INFO Runner] Deleting Runner Session...
[2025-06-24 09:16:00Z INFO Listener] Runner execution been cancelled.
